[2025-11-03T12:26:46.886+0000] {processor.py:161} INFO - Started process (PID=35) to work on /opt/airflow/dags/niftron_pipeline_dag.py
[2025-11-03T12:26:46.887+0000] {processor.py:830} INFO - Processing file /opt/airflow/dags/niftron_pipeline_dag.py for tasks to queue
[2025-11-03T12:26:46.890+0000] {logging_mixin.py:188} INFO - [2025-11-03T12:26:46.890+0000] {dagbag.py:545} INFO - Filling up the DagBag from /opt/airflow/dags/niftron_pipeline_dag.py
[2025-11-03T12:26:46.896+0000] {logging_mixin.py:188} INFO - [2025-11-03T12:26:46.895+0000] {dagbag.py:355} ERROR - Failed to import: /opt/airflow/dags/niftron_pipeline_dag.py
Traceback (most recent call last):
  File "/home/airflow/.local/lib/python3.12/site-packages/airflow/models/dagbag.py", line 351, in parse
    loader.exec_module(new_module)
  File "<frozen importlib._bootstrap_external>", line 995, in exec_module
  File "<frozen importlib._bootstrap>", line 488, in _call_with_frames_removed
  File "/opt/airflow/dags/niftron_pipeline_dag.py", line 8, in <module>
    from niftron.ingestion import main as ingestion_main
ModuleNotFoundError: No module named 'niftron.ingestion'
[2025-11-03T12:26:46.896+0000] {processor.py:842} WARNING - No viable dags retrieved from /opt/airflow/dags/niftron_pipeline_dag.py
[2025-11-03T12:26:46.905+0000] {processor.py:183} INFO - Processing /opt/airflow/dags/niftron_pipeline_dag.py took 0.023 seconds
[2025-11-03T12:27:17.319+0000] {processor.py:161} INFO - Started process (PID=43) to work on /opt/airflow/dags/niftron_pipeline_dag.py
[2025-11-03T12:27:17.321+0000] {processor.py:830} INFO - Processing file /opt/airflow/dags/niftron_pipeline_dag.py for tasks to queue
[2025-11-03T12:27:17.324+0000] {logging_mixin.py:188} INFO - [2025-11-03T12:27:17.323+0000] {dagbag.py:545} INFO - Filling up the DagBag from /opt/airflow/dags/niftron_pipeline_dag.py
[2025-11-03T12:27:17.328+0000] {logging_mixin.py:188} INFO - [2025-11-03T12:27:17.327+0000] {dagbag.py:355} ERROR - Failed to import: /opt/airflow/dags/niftron_pipeline_dag.py
Traceback (most recent call last):
  File "/home/airflow/.local/lib/python3.12/site-packages/airflow/models/dagbag.py", line 351, in parse
    loader.exec_module(new_module)
  File "<frozen importlib._bootstrap_external>", line 995, in exec_module
  File "<frozen importlib._bootstrap>", line 488, in _call_with_frames_removed
  File "/opt/airflow/dags/niftron_pipeline_dag.py", line 8, in <module>
    from niftron.ingestion import main as ingestion_main
ModuleNotFoundError: No module named 'niftron.ingestion'
[2025-11-03T12:27:17.329+0000] {processor.py:842} WARNING - No viable dags retrieved from /opt/airflow/dags/niftron_pipeline_dag.py
[2025-11-03T12:27:17.345+0000] {processor.py:183} INFO - Processing /opt/airflow/dags/niftron_pipeline_dag.py took 0.032 seconds
[2025-11-03T12:27:47.623+0000] {processor.py:161} INFO - Started process (PID=51) to work on /opt/airflow/dags/niftron_pipeline_dag.py
[2025-11-03T12:27:47.625+0000] {processor.py:830} INFO - Processing file /opt/airflow/dags/niftron_pipeline_dag.py for tasks to queue
[2025-11-03T12:27:47.631+0000] {logging_mixin.py:188} INFO - [2025-11-03T12:27:47.630+0000] {dagbag.py:545} INFO - Filling up the DagBag from /opt/airflow/dags/niftron_pipeline_dag.py
[2025-11-03T12:27:47.637+0000] {logging_mixin.py:188} INFO - [2025-11-03T12:27:47.635+0000] {dagbag.py:355} ERROR - Failed to import: /opt/airflow/dags/niftron_pipeline_dag.py
Traceback (most recent call last):
  File "/home/airflow/.local/lib/python3.12/site-packages/airflow/models/dagbag.py", line 351, in parse
    loader.exec_module(new_module)
  File "<frozen importlib._bootstrap_external>", line 995, in exec_module
  File "<frozen importlib._bootstrap>", line 488, in _call_with_frames_removed
  File "/opt/airflow/dags/niftron_pipeline_dag.py", line 8, in <module>
    from niftron.ingestion import main as ingestion_main
ModuleNotFoundError: No module named 'niftron.ingestion'
[2025-11-03T12:27:47.637+0000] {processor.py:842} WARNING - No viable dags retrieved from /opt/airflow/dags/niftron_pipeline_dag.py
[2025-11-03T12:27:47.663+0000] {processor.py:183} INFO - Processing /opt/airflow/dags/niftron_pipeline_dag.py took 0.045 seconds
[2025-11-03T12:28:18.087+0000] {processor.py:161} INFO - Started process (PID=59) to work on /opt/airflow/dags/niftron_pipeline_dag.py
[2025-11-03T12:28:18.089+0000] {processor.py:830} INFO - Processing file /opt/airflow/dags/niftron_pipeline_dag.py for tasks to queue
[2025-11-03T12:28:18.092+0000] {logging_mixin.py:188} INFO - [2025-11-03T12:28:18.092+0000] {dagbag.py:545} INFO - Filling up the DagBag from /opt/airflow/dags/niftron_pipeline_dag.py
[2025-11-03T12:28:18.097+0000] {logging_mixin.py:188} INFO - [2025-11-03T12:28:18.096+0000] {dagbag.py:355} ERROR - Failed to import: /opt/airflow/dags/niftron_pipeline_dag.py
Traceback (most recent call last):
  File "/home/airflow/.local/lib/python3.12/site-packages/airflow/models/dagbag.py", line 351, in parse
    loader.exec_module(new_module)
  File "<frozen importlib._bootstrap_external>", line 995, in exec_module
  File "<frozen importlib._bootstrap>", line 488, in _call_with_frames_removed
  File "/opt/airflow/dags/niftron_pipeline_dag.py", line 8, in <module>
    from niftron.ingestion import main as ingestion_main
ModuleNotFoundError: No module named 'niftron.ingestion'
[2025-11-03T12:28:18.098+0000] {processor.py:842} WARNING - No viable dags retrieved from /opt/airflow/dags/niftron_pipeline_dag.py
[2025-11-03T12:28:18.111+0000] {processor.py:183} INFO - Processing /opt/airflow/dags/niftron_pipeline_dag.py took 0.029 seconds
[2025-11-03T12:28:48.433+0000] {processor.py:161} INFO - Started process (PID=67) to work on /opt/airflow/dags/niftron_pipeline_dag.py
[2025-11-03T12:28:48.434+0000] {processor.py:830} INFO - Processing file /opt/airflow/dags/niftron_pipeline_dag.py for tasks to queue
[2025-11-03T12:28:48.437+0000] {logging_mixin.py:188} INFO - [2025-11-03T12:28:48.436+0000] {dagbag.py:545} INFO - Filling up the DagBag from /opt/airflow/dags/niftron_pipeline_dag.py
[2025-11-03T12:28:48.441+0000] {logging_mixin.py:188} INFO - [2025-11-03T12:28:48.440+0000] {dagbag.py:355} ERROR - Failed to import: /opt/airflow/dags/niftron_pipeline_dag.py
Traceback (most recent call last):
  File "/home/airflow/.local/lib/python3.12/site-packages/airflow/models/dagbag.py", line 351, in parse
    loader.exec_module(new_module)
  File "<frozen importlib._bootstrap_external>", line 995, in exec_module
  File "<frozen importlib._bootstrap>", line 488, in _call_with_frames_removed
  File "/opt/airflow/dags/niftron_pipeline_dag.py", line 8, in <module>
    from niftron.ingestion import main as ingestion_main
ModuleNotFoundError: No module named 'niftron.ingestion'
[2025-11-03T12:28:48.442+0000] {processor.py:842} WARNING - No viable dags retrieved from /opt/airflow/dags/niftron_pipeline_dag.py
[2025-11-03T12:28:48.467+0000] {processor.py:183} INFO - Processing /opt/airflow/dags/niftron_pipeline_dag.py took 0.040 seconds
[2025-11-03T12:29:18.883+0000] {processor.py:161} INFO - Started process (PID=75) to work on /opt/airflow/dags/niftron_pipeline_dag.py
[2025-11-03T12:29:18.886+0000] {processor.py:830} INFO - Processing file /opt/airflow/dags/niftron_pipeline_dag.py for tasks to queue
[2025-11-03T12:29:18.893+0000] {logging_mixin.py:188} INFO - [2025-11-03T12:29:18.892+0000] {dagbag.py:545} INFO - Filling up the DagBag from /opt/airflow/dags/niftron_pipeline_dag.py
[2025-11-03T12:29:18.902+0000] {logging_mixin.py:188} INFO - [2025-11-03T12:29:18.901+0000] {dagbag.py:355} ERROR - Failed to import: /opt/airflow/dags/niftron_pipeline_dag.py
Traceback (most recent call last):
  File "/home/airflow/.local/lib/python3.12/site-packages/airflow/models/dagbag.py", line 351, in parse
    loader.exec_module(new_module)
  File "<frozen importlib._bootstrap_external>", line 995, in exec_module
  File "<frozen importlib._bootstrap>", line 488, in _call_with_frames_removed
  File "/opt/airflow/dags/niftron_pipeline_dag.py", line 8, in <module>
    from niftron.ingestion import main as ingestion_main
ModuleNotFoundError: No module named 'niftron.ingestion'
[2025-11-03T12:29:18.903+0000] {processor.py:842} WARNING - No viable dags retrieved from /opt/airflow/dags/niftron_pipeline_dag.py
[2025-11-03T12:29:18.930+0000] {processor.py:183} INFO - Processing /opt/airflow/dags/niftron_pipeline_dag.py took 0.061 seconds
[2025-11-03T12:29:49.175+0000] {processor.py:161} INFO - Started process (PID=83) to work on /opt/airflow/dags/niftron_pipeline_dag.py
[2025-11-03T12:29:49.178+0000] {processor.py:830} INFO - Processing file /opt/airflow/dags/niftron_pipeline_dag.py for tasks to queue
[2025-11-03T12:29:49.181+0000] {logging_mixin.py:188} INFO - [2025-11-03T12:29:49.180+0000] {dagbag.py:545} INFO - Filling up the DagBag from /opt/airflow/dags/niftron_pipeline_dag.py
[2025-11-03T12:29:49.186+0000] {logging_mixin.py:188} INFO - [2025-11-03T12:29:49.184+0000] {dagbag.py:355} ERROR - Failed to import: /opt/airflow/dags/niftron_pipeline_dag.py
Traceback (most recent call last):
  File "/home/airflow/.local/lib/python3.12/site-packages/airflow/models/dagbag.py", line 351, in parse
    loader.exec_module(new_module)
  File "<frozen importlib._bootstrap_external>", line 995, in exec_module
  File "<frozen importlib._bootstrap>", line 488, in _call_with_frames_removed
  File "/opt/airflow/dags/niftron_pipeline_dag.py", line 8, in <module>
    from niftron.ingestion import main as ingestion_main
ModuleNotFoundError: No module named 'niftron.ingestion'
[2025-11-03T12:29:49.186+0000] {processor.py:842} WARNING - No viable dags retrieved from /opt/airflow/dags/niftron_pipeline_dag.py
[2025-11-03T12:29:49.202+0000] {processor.py:183} INFO - Processing /opt/airflow/dags/niftron_pipeline_dag.py took 0.034 seconds
[2025-11-03T12:30:19.478+0000] {processor.py:161} INFO - Started process (PID=91) to work on /opt/airflow/dags/niftron_pipeline_dag.py
[2025-11-03T12:30:19.480+0000] {processor.py:830} INFO - Processing file /opt/airflow/dags/niftron_pipeline_dag.py for tasks to queue
[2025-11-03T12:30:19.486+0000] {logging_mixin.py:188} INFO - [2025-11-03T12:30:19.486+0000] {dagbag.py:545} INFO - Filling up the DagBag from /opt/airflow/dags/niftron_pipeline_dag.py
[2025-11-03T12:30:19.492+0000] {logging_mixin.py:188} INFO - [2025-11-03T12:30:19.491+0000] {dagbag.py:355} ERROR - Failed to import: /opt/airflow/dags/niftron_pipeline_dag.py
Traceback (most recent call last):
  File "/home/airflow/.local/lib/python3.12/site-packages/airflow/models/dagbag.py", line 351, in parse
    loader.exec_module(new_module)
  File "<frozen importlib._bootstrap_external>", line 995, in exec_module
  File "<frozen importlib._bootstrap>", line 488, in _call_with_frames_removed
  File "/opt/airflow/dags/niftron_pipeline_dag.py", line 8, in <module>
    from niftron.ingestion import main as ingestion_main
ModuleNotFoundError: No module named 'niftron.ingestion'
[2025-11-03T12:30:19.492+0000] {processor.py:842} WARNING - No viable dags retrieved from /opt/airflow/dags/niftron_pipeline_dag.py
[2025-11-03T12:30:19.517+0000] {processor.py:183} INFO - Processing /opt/airflow/dags/niftron_pipeline_dag.py took 0.047 seconds
[2025-11-03T12:30:49.826+0000] {processor.py:161} INFO - Started process (PID=99) to work on /opt/airflow/dags/niftron_pipeline_dag.py
[2025-11-03T12:30:49.828+0000] {processor.py:830} INFO - Processing file /opt/airflow/dags/niftron_pipeline_dag.py for tasks to queue
[2025-11-03T12:30:49.835+0000] {logging_mixin.py:188} INFO - [2025-11-03T12:30:49.835+0000] {dagbag.py:545} INFO - Filling up the DagBag from /opt/airflow/dags/niftron_pipeline_dag.py
[2025-11-03T12:30:49.843+0000] {logging_mixin.py:188} INFO - [2025-11-03T12:30:49.841+0000] {dagbag.py:355} ERROR - Failed to import: /opt/airflow/dags/niftron_pipeline_dag.py
Traceback (most recent call last):
  File "/home/airflow/.local/lib/python3.12/site-packages/airflow/models/dagbag.py", line 351, in parse
    loader.exec_module(new_module)
  File "<frozen importlib._bootstrap_external>", line 995, in exec_module
  File "<frozen importlib._bootstrap>", line 488, in _call_with_frames_removed
  File "/opt/airflow/dags/niftron_pipeline_dag.py", line 8, in <module>
    from niftron.ingestion import main as ingestion_main
ModuleNotFoundError: No module named 'niftron.ingestion'
[2025-11-03T12:30:49.843+0000] {processor.py:842} WARNING - No viable dags retrieved from /opt/airflow/dags/niftron_pipeline_dag.py
[2025-11-03T12:30:49.864+0000] {processor.py:183} INFO - Processing /opt/airflow/dags/niftron_pipeline_dag.py took 0.045 seconds
[2025-11-03T12:31:20.296+0000] {processor.py:161} INFO - Started process (PID=107) to work on /opt/airflow/dags/niftron_pipeline_dag.py
[2025-11-03T12:31:20.298+0000] {processor.py:830} INFO - Processing file /opt/airflow/dags/niftron_pipeline_dag.py for tasks to queue
[2025-11-03T12:31:20.301+0000] {logging_mixin.py:188} INFO - [2025-11-03T12:31:20.300+0000] {dagbag.py:545} INFO - Filling up the DagBag from /opt/airflow/dags/niftron_pipeline_dag.py
[2025-11-03T12:31:20.306+0000] {logging_mixin.py:188} INFO - [2025-11-03T12:31:20.305+0000] {dagbag.py:355} ERROR - Failed to import: /opt/airflow/dags/niftron_pipeline_dag.py
Traceback (most recent call last):
  File "/home/airflow/.local/lib/python3.12/site-packages/airflow/models/dagbag.py", line 351, in parse
    loader.exec_module(new_module)
  File "<frozen importlib._bootstrap_external>", line 995, in exec_module
  File "<frozen importlib._bootstrap>", line 488, in _call_with_frames_removed
  File "/opt/airflow/dags/niftron_pipeline_dag.py", line 8, in <module>
    from niftron.ingestion import main as ingestion_main
ModuleNotFoundError: No module named 'niftron.ingestion'
[2025-11-03T12:31:20.306+0000] {processor.py:842} WARNING - No viable dags retrieved from /opt/airflow/dags/niftron_pipeline_dag.py
[2025-11-03T12:31:20.324+0000] {processor.py:183} INFO - Processing /opt/airflow/dags/niftron_pipeline_dag.py took 0.035 seconds
[2025-11-03T12:31:50.805+0000] {processor.py:161} INFO - Started process (PID=115) to work on /opt/airflow/dags/niftron_pipeline_dag.py
[2025-11-03T12:31:50.807+0000] {processor.py:830} INFO - Processing file /opt/airflow/dags/niftron_pipeline_dag.py for tasks to queue
[2025-11-03T12:31:50.816+0000] {logging_mixin.py:188} INFO - [2025-11-03T12:31:50.816+0000] {dagbag.py:545} INFO - Filling up the DagBag from /opt/airflow/dags/niftron_pipeline_dag.py
[2025-11-03T12:31:50.822+0000] {logging_mixin.py:188} INFO - [2025-11-03T12:31:50.821+0000] {dagbag.py:355} ERROR - Failed to import: /opt/airflow/dags/niftron_pipeline_dag.py
Traceback (most recent call last):
  File "/home/airflow/.local/lib/python3.12/site-packages/airflow/models/dagbag.py", line 351, in parse
    loader.exec_module(new_module)
  File "<frozen importlib._bootstrap_external>", line 995, in exec_module
  File "<frozen importlib._bootstrap>", line 488, in _call_with_frames_removed
  File "/opt/airflow/dags/niftron_pipeline_dag.py", line 8, in <module>
    from niftron.ingestion import main as ingestion_main
ModuleNotFoundError: No module named 'niftron.ingestion'
[2025-11-03T12:31:50.823+0000] {processor.py:842} WARNING - No viable dags retrieved from /opt/airflow/dags/niftron_pipeline_dag.py
[2025-11-03T12:31:50.852+0000] {processor.py:183} INFO - Processing /opt/airflow/dags/niftron_pipeline_dag.py took 0.056 seconds
[2025-11-03T12:32:21.112+0000] {processor.py:161} INFO - Started process (PID=123) to work on /opt/airflow/dags/niftron_pipeline_dag.py
[2025-11-03T12:32:21.115+0000] {processor.py:830} INFO - Processing file /opt/airflow/dags/niftron_pipeline_dag.py for tasks to queue
[2025-11-03T12:32:21.118+0000] {logging_mixin.py:188} INFO - [2025-11-03T12:32:21.117+0000] {dagbag.py:545} INFO - Filling up the DagBag from /opt/airflow/dags/niftron_pipeline_dag.py
[2025-11-03T12:32:21.124+0000] {logging_mixin.py:188} INFO - [2025-11-03T12:32:21.123+0000] {dagbag.py:355} ERROR - Failed to import: /opt/airflow/dags/niftron_pipeline_dag.py
Traceback (most recent call last):
  File "/home/airflow/.local/lib/python3.12/site-packages/airflow/models/dagbag.py", line 351, in parse
    loader.exec_module(new_module)
  File "<frozen importlib._bootstrap_external>", line 995, in exec_module
  File "<frozen importlib._bootstrap>", line 488, in _call_with_frames_removed
  File "/opt/airflow/dags/niftron_pipeline_dag.py", line 8, in <module>
    from niftron.ingestion import main as ingestion_main
ModuleNotFoundError: No module named 'niftron.ingestion'
[2025-11-03T12:32:21.124+0000] {processor.py:842} WARNING - No viable dags retrieved from /opt/airflow/dags/niftron_pipeline_dag.py
[2025-11-03T12:32:21.146+0000] {processor.py:183} INFO - Processing /opt/airflow/dags/niftron_pipeline_dag.py took 0.043 seconds
[2025-11-03T12:32:51.494+0000] {processor.py:161} INFO - Started process (PID=131) to work on /opt/airflow/dags/niftron_pipeline_dag.py
[2025-11-03T12:32:51.496+0000] {processor.py:830} INFO - Processing file /opt/airflow/dags/niftron_pipeline_dag.py for tasks to queue
[2025-11-03T12:32:51.498+0000] {logging_mixin.py:188} INFO - [2025-11-03T12:32:51.498+0000] {dagbag.py:545} INFO - Filling up the DagBag from /opt/airflow/dags/niftron_pipeline_dag.py
[2025-11-03T12:32:51.504+0000] {logging_mixin.py:188} INFO - [2025-11-03T12:32:51.503+0000] {dagbag.py:355} ERROR - Failed to import: /opt/airflow/dags/niftron_pipeline_dag.py
Traceback (most recent call last):
  File "/home/airflow/.local/lib/python3.12/site-packages/airflow/models/dagbag.py", line 351, in parse
    loader.exec_module(new_module)
  File "<frozen importlib._bootstrap_external>", line 995, in exec_module
  File "<frozen importlib._bootstrap>", line 488, in _call_with_frames_removed
  File "/opt/airflow/dags/niftron_pipeline_dag.py", line 8, in <module>
    from niftron.ingestion import main as ingestion_main
ModuleNotFoundError: No module named 'niftron.ingestion'
[2025-11-03T12:32:51.504+0000] {processor.py:842} WARNING - No viable dags retrieved from /opt/airflow/dags/niftron_pipeline_dag.py
[2025-11-03T12:32:51.523+0000] {processor.py:183} INFO - Processing /opt/airflow/dags/niftron_pipeline_dag.py took 0.043 seconds
[2025-11-03T12:33:21.844+0000] {processor.py:161} INFO - Started process (PID=139) to work on /opt/airflow/dags/niftron_pipeline_dag.py
[2025-11-03T12:33:21.847+0000] {processor.py:830} INFO - Processing file /opt/airflow/dags/niftron_pipeline_dag.py for tasks to queue
[2025-11-03T12:33:21.856+0000] {logging_mixin.py:188} INFO - [2025-11-03T12:33:21.854+0000] {dagbag.py:545} INFO - Filling up the DagBag from /opt/airflow/dags/niftron_pipeline_dag.py
[2025-11-03T12:33:21.861+0000] {logging_mixin.py:188} INFO - [2025-11-03T12:33:21.860+0000] {dagbag.py:355} ERROR - Failed to import: /opt/airflow/dags/niftron_pipeline_dag.py
Traceback (most recent call last):
  File "/home/airflow/.local/lib/python3.12/site-packages/airflow/models/dagbag.py", line 351, in parse
    loader.exec_module(new_module)
  File "<frozen importlib._bootstrap_external>", line 995, in exec_module
  File "<frozen importlib._bootstrap>", line 488, in _call_with_frames_removed
  File "/opt/airflow/dags/niftron_pipeline_dag.py", line 8, in <module>
    from niftron.ingestion import main as ingestion_main
ModuleNotFoundError: No module named 'niftron.ingestion'
[2025-11-03T12:33:21.862+0000] {processor.py:842} WARNING - No viable dags retrieved from /opt/airflow/dags/niftron_pipeline_dag.py
[2025-11-03T12:33:21.882+0000] {processor.py:183} INFO - Processing /opt/airflow/dags/niftron_pipeline_dag.py took 0.047 seconds
[2025-11-03T12:33:52.318+0000] {processor.py:161} INFO - Started process (PID=147) to work on /opt/airflow/dags/niftron_pipeline_dag.py
[2025-11-03T12:33:52.319+0000] {processor.py:830} INFO - Processing file /opt/airflow/dags/niftron_pipeline_dag.py for tasks to queue
[2025-11-03T12:33:52.322+0000] {logging_mixin.py:188} INFO - [2025-11-03T12:33:52.321+0000] {dagbag.py:545} INFO - Filling up the DagBag from /opt/airflow/dags/niftron_pipeline_dag.py
[2025-11-03T12:33:52.330+0000] {logging_mixin.py:188} INFO - [2025-11-03T12:33:52.329+0000] {dagbag.py:355} ERROR - Failed to import: /opt/airflow/dags/niftron_pipeline_dag.py
Traceback (most recent call last):
  File "/home/airflow/.local/lib/python3.12/site-packages/airflow/models/dagbag.py", line 351, in parse
    loader.exec_module(new_module)
  File "<frozen importlib._bootstrap_external>", line 995, in exec_module
  File "<frozen importlib._bootstrap>", line 488, in _call_with_frames_removed
  File "/opt/airflow/dags/niftron_pipeline_dag.py", line 8, in <module>
    from niftron.ingestion import main as ingestion_main
ModuleNotFoundError: No module named 'niftron.ingestion'
[2025-11-03T12:33:52.331+0000] {processor.py:842} WARNING - No viable dags retrieved from /opt/airflow/dags/niftron_pipeline_dag.py
[2025-11-03T12:33:52.350+0000] {processor.py:183} INFO - Processing /opt/airflow/dags/niftron_pipeline_dag.py took 0.040 seconds
[2025-11-03T12:34:22.638+0000] {processor.py:161} INFO - Started process (PID=155) to work on /opt/airflow/dags/niftron_pipeline_dag.py
[2025-11-03T12:34:22.639+0000] {processor.py:830} INFO - Processing file /opt/airflow/dags/niftron_pipeline_dag.py for tasks to queue
[2025-11-03T12:34:22.644+0000] {logging_mixin.py:188} INFO - [2025-11-03T12:34:22.642+0000] {dagbag.py:545} INFO - Filling up the DagBag from /opt/airflow/dags/niftron_pipeline_dag.py
[2025-11-03T12:34:22.654+0000] {logging_mixin.py:188} INFO - [2025-11-03T12:34:22.652+0000] {dagbag.py:355} ERROR - Failed to import: /opt/airflow/dags/niftron_pipeline_dag.py
Traceback (most recent call last):
  File "/home/airflow/.local/lib/python3.12/site-packages/airflow/models/dagbag.py", line 351, in parse
    loader.exec_module(new_module)
  File "<frozen importlib._bootstrap_external>", line 995, in exec_module
  File "<frozen importlib._bootstrap>", line 488, in _call_with_frames_removed
  File "/opt/airflow/dags/niftron_pipeline_dag.py", line 8, in <module>
    from niftron.ingestion import main as ingestion_main
ModuleNotFoundError: No module named 'niftron.ingestion'
[2025-11-03T12:34:22.655+0000] {processor.py:842} WARNING - No viable dags retrieved from /opt/airflow/dags/niftron_pipeline_dag.py
[2025-11-03T12:34:22.684+0000] {processor.py:183} INFO - Processing /opt/airflow/dags/niftron_pipeline_dag.py took 0.055 seconds
[2025-11-03T12:34:52.959+0000] {processor.py:161} INFO - Started process (PID=163) to work on /opt/airflow/dags/niftron_pipeline_dag.py
[2025-11-03T12:34:52.961+0000] {processor.py:830} INFO - Processing file /opt/airflow/dags/niftron_pipeline_dag.py for tasks to queue
[2025-11-03T12:34:52.964+0000] {logging_mixin.py:188} INFO - [2025-11-03T12:34:52.963+0000] {dagbag.py:545} INFO - Filling up the DagBag from /opt/airflow/dags/niftron_pipeline_dag.py
[2025-11-03T12:34:52.969+0000] {logging_mixin.py:188} INFO - [2025-11-03T12:34:52.968+0000] {dagbag.py:355} ERROR - Failed to import: /opt/airflow/dags/niftron_pipeline_dag.py
Traceback (most recent call last):
  File "/home/airflow/.local/lib/python3.12/site-packages/airflow/models/dagbag.py", line 351, in parse
    loader.exec_module(new_module)
  File "<frozen importlib._bootstrap_external>", line 995, in exec_module
  File "<frozen importlib._bootstrap>", line 488, in _call_with_frames_removed
  File "/opt/airflow/dags/niftron_pipeline_dag.py", line 8, in <module>
    from niftron.ingestion import main as ingestion_main
ModuleNotFoundError: No module named 'niftron.ingestion'
[2025-11-03T12:34:52.970+0000] {processor.py:842} WARNING - No viable dags retrieved from /opt/airflow/dags/niftron_pipeline_dag.py
[2025-11-03T12:34:52.987+0000] {processor.py:183} INFO - Processing /opt/airflow/dags/niftron_pipeline_dag.py took 0.037 seconds
[2025-11-03T12:35:23.270+0000] {processor.py:161} INFO - Started process (PID=171) to work on /opt/airflow/dags/niftron_pipeline_dag.py
[2025-11-03T12:35:23.271+0000] {processor.py:830} INFO - Processing file /opt/airflow/dags/niftron_pipeline_dag.py for tasks to queue
[2025-11-03T12:35:23.274+0000] {logging_mixin.py:188} INFO - [2025-11-03T12:35:23.274+0000] {dagbag.py:545} INFO - Filling up the DagBag from /opt/airflow/dags/niftron_pipeline_dag.py
[2025-11-03T12:35:23.278+0000] {logging_mixin.py:188} INFO - [2025-11-03T12:35:23.277+0000] {dagbag.py:355} ERROR - Failed to import: /opt/airflow/dags/niftron_pipeline_dag.py
Traceback (most recent call last):
  File "/home/airflow/.local/lib/python3.12/site-packages/airflow/models/dagbag.py", line 351, in parse
    loader.exec_module(new_module)
  File "<frozen importlib._bootstrap_external>", line 995, in exec_module
  File "<frozen importlib._bootstrap>", line 488, in _call_with_frames_removed
  File "/opt/airflow/dags/niftron_pipeline_dag.py", line 8, in <module>
    from niftron.ingestion import main as ingestion_main
ModuleNotFoundError: No module named 'niftron.ingestion'
[2025-11-03T12:35:23.279+0000] {processor.py:842} WARNING - No viable dags retrieved from /opt/airflow/dags/niftron_pipeline_dag.py
[2025-11-03T12:35:23.300+0000] {processor.py:183} INFO - Processing /opt/airflow/dags/niftron_pipeline_dag.py took 0.038 seconds
[2025-11-03T12:35:53.616+0000] {processor.py:161} INFO - Started process (PID=179) to work on /opt/airflow/dags/niftron_pipeline_dag.py
[2025-11-03T12:35:53.617+0000] {processor.py:830} INFO - Processing file /opt/airflow/dags/niftron_pipeline_dag.py for tasks to queue
[2025-11-03T12:35:53.624+0000] {logging_mixin.py:188} INFO - [2025-11-03T12:35:53.622+0000] {dagbag.py:545} INFO - Filling up the DagBag from /opt/airflow/dags/niftron_pipeline_dag.py
[2025-11-03T12:35:53.630+0000] {logging_mixin.py:188} INFO - [2025-11-03T12:35:53.629+0000] {dagbag.py:355} ERROR - Failed to import: /opt/airflow/dags/niftron_pipeline_dag.py
Traceback (most recent call last):
  File "/home/airflow/.local/lib/python3.12/site-packages/airflow/models/dagbag.py", line 351, in parse
    loader.exec_module(new_module)
  File "<frozen importlib._bootstrap_external>", line 995, in exec_module
  File "<frozen importlib._bootstrap>", line 488, in _call_with_frames_removed
  File "/opt/airflow/dags/niftron_pipeline_dag.py", line 8, in <module>
    from niftron.ingestion import main as ingestion_main
ModuleNotFoundError: No module named 'niftron.ingestion'
[2025-11-03T12:35:53.631+0000] {processor.py:842} WARNING - No viable dags retrieved from /opt/airflow/dags/niftron_pipeline_dag.py
[2025-11-03T12:35:53.655+0000] {processor.py:183} INFO - Processing /opt/airflow/dags/niftron_pipeline_dag.py took 0.048 seconds
[2025-11-03T12:36:23.937+0000] {processor.py:161} INFO - Started process (PID=187) to work on /opt/airflow/dags/niftron_pipeline_dag.py
[2025-11-03T12:36:23.938+0000] {processor.py:830} INFO - Processing file /opt/airflow/dags/niftron_pipeline_dag.py for tasks to queue
[2025-11-03T12:36:23.942+0000] {logging_mixin.py:188} INFO - [2025-11-03T12:36:23.941+0000] {dagbag.py:545} INFO - Filling up the DagBag from /opt/airflow/dags/niftron_pipeline_dag.py
[2025-11-03T12:36:23.946+0000] {logging_mixin.py:188} INFO - [2025-11-03T12:36:23.945+0000] {dagbag.py:355} ERROR - Failed to import: /opt/airflow/dags/niftron_pipeline_dag.py
Traceback (most recent call last):
  File "/home/airflow/.local/lib/python3.12/site-packages/airflow/models/dagbag.py", line 351, in parse
    loader.exec_module(new_module)
  File "<frozen importlib._bootstrap_external>", line 995, in exec_module
  File "<frozen importlib._bootstrap>", line 488, in _call_with_frames_removed
  File "/opt/airflow/dags/niftron_pipeline_dag.py", line 8, in <module>
    from niftron.ingestion import main as ingestion_main
ModuleNotFoundError: No module named 'niftron.ingestion'
[2025-11-03T12:36:23.947+0000] {processor.py:842} WARNING - No viable dags retrieved from /opt/airflow/dags/niftron_pipeline_dag.py
[2025-11-03T12:36:23.964+0000] {processor.py:183} INFO - Processing /opt/airflow/dags/niftron_pipeline_dag.py took 0.034 seconds
[2025-11-03T12:36:54.374+0000] {processor.py:161} INFO - Started process (PID=195) to work on /opt/airflow/dags/niftron_pipeline_dag.py
[2025-11-03T12:36:54.377+0000] {processor.py:830} INFO - Processing file /opt/airflow/dags/niftron_pipeline_dag.py for tasks to queue
[2025-11-03T12:36:54.379+0000] {logging_mixin.py:188} INFO - [2025-11-03T12:36:54.379+0000] {dagbag.py:545} INFO - Filling up the DagBag from /opt/airflow/dags/niftron_pipeline_dag.py
[2025-11-03T12:36:54.384+0000] {logging_mixin.py:188} INFO - [2025-11-03T12:36:54.383+0000] {dagbag.py:355} ERROR - Failed to import: /opt/airflow/dags/niftron_pipeline_dag.py
Traceback (most recent call last):
  File "/home/airflow/.local/lib/python3.12/site-packages/airflow/models/dagbag.py", line 351, in parse
    loader.exec_module(new_module)
  File "<frozen importlib._bootstrap_external>", line 995, in exec_module
  File "<frozen importlib._bootstrap>", line 488, in _call_with_frames_removed
  File "/opt/airflow/dags/niftron_pipeline_dag.py", line 8, in <module>
    from niftron.ingestion import main as ingestion_main
ModuleNotFoundError: No module named 'niftron.ingestion'
[2025-11-03T12:36:54.385+0000] {processor.py:842} WARNING - No viable dags retrieved from /opt/airflow/dags/niftron_pipeline_dag.py
[2025-11-03T12:36:54.404+0000] {processor.py:183} INFO - Processing /opt/airflow/dags/niftron_pipeline_dag.py took 0.040 seconds
[2025-11-03T12:37:24.690+0000] {processor.py:161} INFO - Started process (PID=203) to work on /opt/airflow/dags/niftron_pipeline_dag.py
[2025-11-03T12:37:24.693+0000] {processor.py:830} INFO - Processing file /opt/airflow/dags/niftron_pipeline_dag.py for tasks to queue
[2025-11-03T12:37:24.702+0000] {logging_mixin.py:188} INFO - [2025-11-03T12:37:24.702+0000] {dagbag.py:545} INFO - Filling up the DagBag from /opt/airflow/dags/niftron_pipeline_dag.py
[2025-11-03T12:37:24.708+0000] {logging_mixin.py:188} INFO - [2025-11-03T12:37:24.707+0000] {dagbag.py:355} ERROR - Failed to import: /opt/airflow/dags/niftron_pipeline_dag.py
Traceback (most recent call last):
  File "/home/airflow/.local/lib/python3.12/site-packages/airflow/models/dagbag.py", line 351, in parse
    loader.exec_module(new_module)
  File "<frozen importlib._bootstrap_external>", line 995, in exec_module
  File "<frozen importlib._bootstrap>", line 488, in _call_with_frames_removed
  File "/opt/airflow/dags/niftron_pipeline_dag.py", line 8, in <module>
    from niftron.ingestion import main as ingestion_main
ModuleNotFoundError: No module named 'niftron.ingestion'
[2025-11-03T12:37:24.708+0000] {processor.py:842} WARNING - No viable dags retrieved from /opt/airflow/dags/niftron_pipeline_dag.py
[2025-11-03T12:37:24.724+0000] {processor.py:183} INFO - Processing /opt/airflow/dags/niftron_pipeline_dag.py took 0.039 seconds
[2025-11-03T12:37:55.005+0000] {processor.py:161} INFO - Started process (PID=211) to work on /opt/airflow/dags/niftron_pipeline_dag.py
[2025-11-03T12:37:55.006+0000] {processor.py:830} INFO - Processing file /opt/airflow/dags/niftron_pipeline_dag.py for tasks to queue
[2025-11-03T12:37:55.009+0000] {logging_mixin.py:188} INFO - [2025-11-03T12:37:55.008+0000] {dagbag.py:545} INFO - Filling up the DagBag from /opt/airflow/dags/niftron_pipeline_dag.py
[2025-11-03T12:37:55.014+0000] {logging_mixin.py:188} INFO - [2025-11-03T12:37:55.013+0000] {dagbag.py:355} ERROR - Failed to import: /opt/airflow/dags/niftron_pipeline_dag.py
Traceback (most recent call last):
  File "/home/airflow/.local/lib/python3.12/site-packages/airflow/models/dagbag.py", line 351, in parse
    loader.exec_module(new_module)
  File "<frozen importlib._bootstrap_external>", line 995, in exec_module
  File "<frozen importlib._bootstrap>", line 488, in _call_with_frames_removed
  File "/opt/airflow/dags/niftron_pipeline_dag.py", line 8, in <module>
    from niftron.ingestion import main as ingestion_main
ModuleNotFoundError: No module named 'niftron.ingestion'
[2025-11-03T12:37:55.014+0000] {processor.py:842} WARNING - No viable dags retrieved from /opt/airflow/dags/niftron_pipeline_dag.py
[2025-11-03T12:37:55.025+0000] {processor.py:183} INFO - Processing /opt/airflow/dags/niftron_pipeline_dag.py took 0.031 seconds
[2025-11-03T12:38:25.225+0000] {processor.py:161} INFO - Started process (PID=219) to work on /opt/airflow/dags/niftron_pipeline_dag.py
[2025-11-03T12:38:25.227+0000] {processor.py:830} INFO - Processing file /opt/airflow/dags/niftron_pipeline_dag.py for tasks to queue
[2025-11-03T12:38:25.235+0000] {logging_mixin.py:188} INFO - [2025-11-03T12:38:25.234+0000] {dagbag.py:545} INFO - Filling up the DagBag from /opt/airflow/dags/niftron_pipeline_dag.py
[2025-11-03T12:38:25.247+0000] {logging_mixin.py:188} INFO - [2025-11-03T12:38:25.244+0000] {dagbag.py:355} ERROR - Failed to import: /opt/airflow/dags/niftron_pipeline_dag.py
Traceback (most recent call last):
  File "/home/airflow/.local/lib/python3.12/site-packages/airflow/models/dagbag.py", line 351, in parse
    loader.exec_module(new_module)
  File "<frozen importlib._bootstrap_external>", line 995, in exec_module
  File "<frozen importlib._bootstrap>", line 488, in _call_with_frames_removed
  File "/opt/airflow/dags/niftron_pipeline_dag.py", line 8, in <module>
    from niftron.ingestion import main as ingestion_main
ModuleNotFoundError: No module named 'niftron.ingestion'
[2025-11-03T12:38:25.248+0000] {processor.py:842} WARNING - No viable dags retrieved from /opt/airflow/dags/niftron_pipeline_dag.py
[2025-11-03T12:38:25.397+0000] {processor.py:183} INFO - Processing /opt/airflow/dags/niftron_pipeline_dag.py took 0.180 seconds
[2025-11-03T12:38:55.518+0000] {processor.py:161} INFO - Started process (PID=220) to work on /opt/airflow/dags/niftron_pipeline_dag.py
[2025-11-03T12:38:55.523+0000] {processor.py:830} INFO - Processing file /opt/airflow/dags/niftron_pipeline_dag.py for tasks to queue
[2025-11-03T12:38:55.526+0000] {logging_mixin.py:188} INFO - [2025-11-03T12:38:55.526+0000] {dagbag.py:545} INFO - Filling up the DagBag from /opt/airflow/dags/niftron_pipeline_dag.py
[2025-11-03T12:38:55.566+0000] {logging_mixin.py:188} INFO - [2025-11-03T12:38:55.565+0000] {dagbag.py:355} ERROR - Failed to import: /opt/airflow/dags/niftron_pipeline_dag.py
Traceback (most recent call last):
  File "/home/airflow/.local/lib/python3.12/site-packages/airflow/models/dagbag.py", line 351, in parse
    loader.exec_module(new_module)
  File "<frozen importlib._bootstrap_external>", line 995, in exec_module
  File "<frozen importlib._bootstrap>", line 488, in _call_with_frames_removed
  File "/opt/airflow/dags/niftron_pipeline_dag.py", line 8, in <module>
    from niftron.ingestion import main as ingestion_main
ModuleNotFoundError: No module named 'niftron.ingestion'
[2025-11-03T12:38:55.566+0000] {processor.py:842} WARNING - No viable dags retrieved from /opt/airflow/dags/niftron_pipeline_dag.py
[2025-11-03T12:38:55.657+0000] {processor.py:183} INFO - Processing /opt/airflow/dags/niftron_pipeline_dag.py took 0.145 seconds
[2025-11-03T12:39:25.907+0000] {processor.py:161} INFO - Started process (PID=228) to work on /opt/airflow/dags/niftron_pipeline_dag.py
[2025-11-03T12:39:25.909+0000] {processor.py:830} INFO - Processing file /opt/airflow/dags/niftron_pipeline_dag.py for tasks to queue
[2025-11-03T12:39:25.915+0000] {logging_mixin.py:188} INFO - [2025-11-03T12:39:25.914+0000] {dagbag.py:545} INFO - Filling up the DagBag from /opt/airflow/dags/niftron_pipeline_dag.py
[2025-11-03T12:39:25.956+0000] {logging_mixin.py:188} INFO - [2025-11-03T12:39:25.942+0000] {dagbag.py:355} ERROR - Failed to import: /opt/airflow/dags/niftron_pipeline_dag.py
Traceback (most recent call last):
  File "/home/airflow/.local/lib/python3.12/site-packages/airflow/models/dagbag.py", line 351, in parse
    loader.exec_module(new_module)
  File "<frozen importlib._bootstrap_external>", line 995, in exec_module
  File "<frozen importlib._bootstrap>", line 488, in _call_with_frames_removed
  File "/opt/airflow/dags/niftron_pipeline_dag.py", line 8, in <module>
    from niftron.ingestion import main as ingestion_main
ModuleNotFoundError: No module named 'niftron.ingestion'
[2025-11-03T12:39:25.959+0000] {processor.py:842} WARNING - No viable dags retrieved from /opt/airflow/dags/niftron_pipeline_dag.py
[2025-11-03T12:39:26.050+0000] {processor.py:183} INFO - Processing /opt/airflow/dags/niftron_pipeline_dag.py took 0.159 seconds
[2025-11-03T12:48:20.958+0000] {processor.py:161} INFO - Started process (PID=49) to work on /opt/airflow/dags/niftron_pipeline_dag.py
[2025-11-03T12:48:20.964+0000] {processor.py:830} INFO - Processing file /opt/airflow/dags/niftron_pipeline_dag.py for tasks to queue
[2025-11-03T12:48:20.978+0000] {logging_mixin.py:188} INFO - [2025-11-03T12:48:20.972+0000] {dagbag.py:545} INFO - Filling up the DagBag from /opt/airflow/dags/niftron_pipeline_dag.py
[2025-11-03T12:48:21.035+0000] {logging_mixin.py:188} INFO - [2025-11-03T12:48:21.022+0000] {dagbag.py:355} ERROR - Failed to import: /opt/airflow/dags/niftron_pipeline_dag.py
Traceback (most recent call last):
  File "/home/airflow/.local/lib/python3.12/site-packages/airflow/models/dagbag.py", line 351, in parse
    loader.exec_module(new_module)
  File "<frozen importlib._bootstrap_external>", line 995, in exec_module
  File "<frozen importlib._bootstrap>", line 488, in _call_with_frames_removed
  File "/opt/airflow/dags/niftron_pipeline_dag.py", line 8, in <module>
    from niftron.ingestion import main as ingestion_main
ModuleNotFoundError: No module named 'niftron.ingestion'
[2025-11-03T12:48:21.037+0000] {processor.py:842} WARNING - No viable dags retrieved from /opt/airflow/dags/niftron_pipeline_dag.py
[2025-11-03T12:48:26.700+0000] {processor.py:183} INFO - Processing /opt/airflow/dags/niftron_pipeline_dag.py took 5.795 seconds
[2025-11-03T12:48:57.212+0000] {processor.py:161} INFO - Started process (PID=50) to work on /opt/airflow/dags/niftron_pipeline_dag.py
[2025-11-03T12:48:57.214+0000] {processor.py:830} INFO - Processing file /opt/airflow/dags/niftron_pipeline_dag.py for tasks to queue
[2025-11-03T12:48:57.227+0000] {logging_mixin.py:188} INFO - [2025-11-03T12:48:57.226+0000] {dagbag.py:545} INFO - Filling up the DagBag from /opt/airflow/dags/niftron_pipeline_dag.py
[2025-11-03T12:48:57.240+0000] {logging_mixin.py:188} INFO - [2025-11-03T12:48:57.239+0000] {dagbag.py:355} ERROR - Failed to import: /opt/airflow/dags/niftron_pipeline_dag.py
Traceback (most recent call last):
  File "/home/airflow/.local/lib/python3.12/site-packages/airflow/models/dagbag.py", line 351, in parse
    loader.exec_module(new_module)
  File "<frozen importlib._bootstrap_external>", line 995, in exec_module
  File "<frozen importlib._bootstrap>", line 488, in _call_with_frames_removed
  File "/opt/airflow/dags/niftron_pipeline_dag.py", line 8, in <module>
    from niftron.ingestion import main as ingestion_main
ModuleNotFoundError: No module named 'niftron.ingestion'
[2025-11-03T12:48:57.241+0000] {processor.py:842} WARNING - No viable dags retrieved from /opt/airflow/dags/niftron_pipeline_dag.py
[2025-11-03T12:49:02.405+0000] {processor.py:183} INFO - Processing /opt/airflow/dags/niftron_pipeline_dag.py took 5.203 seconds
[2025-11-03T12:49:32.711+0000] {processor.py:161} INFO - Started process (PID=58) to work on /opt/airflow/dags/niftron_pipeline_dag.py
[2025-11-03T12:49:32.712+0000] {processor.py:830} INFO - Processing file /opt/airflow/dags/niftron_pipeline_dag.py for tasks to queue
[2025-11-03T12:49:32.717+0000] {logging_mixin.py:188} INFO - [2025-11-03T12:49:32.716+0000] {dagbag.py:545} INFO - Filling up the DagBag from /opt/airflow/dags/niftron_pipeline_dag.py
[2025-11-03T12:49:32.728+0000] {logging_mixin.py:188} INFO - [2025-11-03T12:49:32.727+0000] {dagbag.py:355} ERROR - Failed to import: /opt/airflow/dags/niftron_pipeline_dag.py
Traceback (most recent call last):
  File "/home/airflow/.local/lib/python3.12/site-packages/airflow/models/dagbag.py", line 351, in parse
    loader.exec_module(new_module)
  File "<frozen importlib._bootstrap_external>", line 995, in exec_module
  File "<frozen importlib._bootstrap>", line 488, in _call_with_frames_removed
  File "/opt/airflow/dags/niftron_pipeline_dag.py", line 8, in <module>
    from niftron.ingestion import main as ingestion_main
ModuleNotFoundError: No module named 'niftron.ingestion'
[2025-11-03T12:49:32.728+0000] {processor.py:842} WARNING - No viable dags retrieved from /opt/airflow/dags/niftron_pipeline_dag.py
[2025-11-03T12:49:40.177+0000] {processor.py:183} INFO - Processing /opt/airflow/dags/niftron_pipeline_dag.py took 7.475 seconds
[2025-11-03T12:50:11.189+0000] {processor.py:161} INFO - Started process (PID=66) to work on /opt/airflow/dags/niftron_pipeline_dag.py
[2025-11-03T12:50:11.191+0000] {processor.py:830} INFO - Processing file /opt/airflow/dags/niftron_pipeline_dag.py for tasks to queue
[2025-11-03T12:50:11.194+0000] {logging_mixin.py:188} INFO - [2025-11-03T12:50:11.194+0000] {dagbag.py:545} INFO - Filling up the DagBag from /opt/airflow/dags/niftron_pipeline_dag.py
[2025-11-03T12:50:11.204+0000] {logging_mixin.py:188} INFO - [2025-11-03T12:50:11.202+0000] {dagbag.py:355} ERROR - Failed to import: /opt/airflow/dags/niftron_pipeline_dag.py
Traceback (most recent call last):
  File "/home/airflow/.local/lib/python3.12/site-packages/airflow/models/dagbag.py", line 351, in parse
    loader.exec_module(new_module)
  File "<frozen importlib._bootstrap_external>", line 995, in exec_module
  File "<frozen importlib._bootstrap>", line 488, in _call_with_frames_removed
  File "/opt/airflow/dags/niftron_pipeline_dag.py", line 8, in <module>
    from niftron.ingestion import main as ingestion_main
ModuleNotFoundError: No module named 'niftron.ingestion'
[2025-11-03T12:50:11.205+0000] {processor.py:842} WARNING - No viable dags retrieved from /opt/airflow/dags/niftron_pipeline_dag.py
[2025-11-03T12:50:12.658+0000] {processor.py:183} INFO - Processing /opt/airflow/dags/niftron_pipeline_dag.py took 1.507 seconds
[2025-11-03T12:50:43.621+0000] {processor.py:161} INFO - Started process (PID=74) to work on /opt/airflow/dags/niftron_pipeline_dag.py
[2025-11-03T12:50:43.622+0000] {processor.py:830} INFO - Processing file /opt/airflow/dags/niftron_pipeline_dag.py for tasks to queue
[2025-11-03T12:50:43.625+0000] {logging_mixin.py:188} INFO - [2025-11-03T12:50:43.624+0000] {dagbag.py:545} INFO - Filling up the DagBag from /opt/airflow/dags/niftron_pipeline_dag.py
[2025-11-03T12:50:43.630+0000] {logging_mixin.py:188} INFO - [2025-11-03T12:50:43.629+0000] {dagbag.py:355} ERROR - Failed to import: /opt/airflow/dags/niftron_pipeline_dag.py
Traceback (most recent call last):
  File "/home/airflow/.local/lib/python3.12/site-packages/airflow/models/dagbag.py", line 351, in parse
    loader.exec_module(new_module)
  File "<frozen importlib._bootstrap_external>", line 995, in exec_module
  File "<frozen importlib._bootstrap>", line 488, in _call_with_frames_removed
  File "/opt/airflow/dags/niftron_pipeline_dag.py", line 8, in <module>
    from niftron.ingestion import main as ingestion_main
ModuleNotFoundError: No module named 'niftron.ingestion'
[2025-11-03T12:50:43.630+0000] {processor.py:842} WARNING - No viable dags retrieved from /opt/airflow/dags/niftron_pipeline_dag.py
[2025-11-03T12:50:45.071+0000] {processor.py:183} INFO - Processing /opt/airflow/dags/niftron_pipeline_dag.py took 1.477 seconds
[2025-11-03T12:51:15.454+0000] {processor.py:161} INFO - Started process (PID=82) to work on /opt/airflow/dags/niftron_pipeline_dag.py
[2025-11-03T12:51:15.456+0000] {processor.py:830} INFO - Processing file /opt/airflow/dags/niftron_pipeline_dag.py for tasks to queue
[2025-11-03T12:51:15.460+0000] {logging_mixin.py:188} INFO - [2025-11-03T12:51:15.460+0000] {dagbag.py:545} INFO - Filling up the DagBag from /opt/airflow/dags/niftron_pipeline_dag.py
[2025-11-03T12:51:15.479+0000] {logging_mixin.py:188} INFO - [2025-11-03T12:51:15.477+0000] {dagbag.py:355} ERROR - Failed to import: /opt/airflow/dags/niftron_pipeline_dag.py
Traceback (most recent call last):
  File "/home/airflow/.local/lib/python3.12/site-packages/airflow/models/dagbag.py", line 351, in parse
    loader.exec_module(new_module)
  File "<frozen importlib._bootstrap_external>", line 995, in exec_module
  File "<frozen importlib._bootstrap>", line 488, in _call_with_frames_removed
  File "/opt/airflow/dags/niftron_pipeline_dag.py", line 8, in <module>
    from niftron.ingestion import main as ingestion_main
ModuleNotFoundError: No module named 'niftron.ingestion'
[2025-11-03T12:51:15.479+0000] {processor.py:842} WARNING - No viable dags retrieved from /opt/airflow/dags/niftron_pipeline_dag.py
[2025-11-03T12:51:17.834+0000] {processor.py:183} INFO - Processing /opt/airflow/dags/niftron_pipeline_dag.py took 2.398 seconds
[2025-11-03T12:51:48.246+0000] {processor.py:161} INFO - Started process (PID=90) to work on /opt/airflow/dags/niftron_pipeline_dag.py
[2025-11-03T12:51:48.250+0000] {processor.py:830} INFO - Processing file /opt/airflow/dags/niftron_pipeline_dag.py for tasks to queue
[2025-11-03T12:51:48.254+0000] {logging_mixin.py:188} INFO - [2025-11-03T12:51:48.254+0000] {dagbag.py:545} INFO - Filling up the DagBag from /opt/airflow/dags/niftron_pipeline_dag.py
[2025-11-03T12:51:48.261+0000] {logging_mixin.py:188} INFO - [2025-11-03T12:51:48.259+0000] {dagbag.py:355} ERROR - Failed to import: /opt/airflow/dags/niftron_pipeline_dag.py
Traceback (most recent call last):
  File "/home/airflow/.local/lib/python3.12/site-packages/airflow/models/dagbag.py", line 351, in parse
    loader.exec_module(new_module)
  File "<frozen importlib._bootstrap_external>", line 995, in exec_module
  File "<frozen importlib._bootstrap>", line 488, in _call_with_frames_removed
  File "/opt/airflow/dags/niftron_pipeline_dag.py", line 8, in <module>
    from niftron.ingestion import main as ingestion_main
ModuleNotFoundError: No module named 'niftron.ingestion'
[2025-11-03T12:51:48.261+0000] {processor.py:842} WARNING - No viable dags retrieved from /opt/airflow/dags/niftron_pipeline_dag.py
[2025-11-03T12:51:50.993+0000] {processor.py:183} INFO - Processing /opt/airflow/dags/niftron_pipeline_dag.py took 2.754 seconds
[2025-11-03T12:52:21.598+0000] {processor.py:161} INFO - Started process (PID=98) to work on /opt/airflow/dags/niftron_pipeline_dag.py
[2025-11-03T12:52:21.600+0000] {processor.py:830} INFO - Processing file /opt/airflow/dags/niftron_pipeline_dag.py for tasks to queue
[2025-11-03T12:52:21.603+0000] {logging_mixin.py:188} INFO - [2025-11-03T12:52:21.603+0000] {dagbag.py:545} INFO - Filling up the DagBag from /opt/airflow/dags/niftron_pipeline_dag.py
[2025-11-03T12:52:21.611+0000] {logging_mixin.py:188} INFO - [2025-11-03T12:52:21.610+0000] {dagbag.py:355} ERROR - Failed to import: /opt/airflow/dags/niftron_pipeline_dag.py
Traceback (most recent call last):
  File "/home/airflow/.local/lib/python3.12/site-packages/airflow/models/dagbag.py", line 351, in parse
    loader.exec_module(new_module)
  File "<frozen importlib._bootstrap_external>", line 995, in exec_module
  File "<frozen importlib._bootstrap>", line 488, in _call_with_frames_removed
  File "/opt/airflow/dags/niftron_pipeline_dag.py", line 8, in <module>
    from niftron.ingestion import main as ingestion_main
ModuleNotFoundError: No module named 'niftron.ingestion'
[2025-11-03T12:52:21.612+0000] {processor.py:842} WARNING - No viable dags retrieved from /opt/airflow/dags/niftron_pipeline_dag.py
[2025-11-03T12:52:23.012+0000] {processor.py:183} INFO - Processing /opt/airflow/dags/niftron_pipeline_dag.py took 1.427 seconds
[2025-11-03T12:54:11.481+0000] {processor.py:161} INFO - Started process (PID=56) to work on /opt/airflow/dags/niftron_pipeline_dag.py
[2025-11-03T12:54:11.482+0000] {processor.py:830} INFO - Processing file /opt/airflow/dags/niftron_pipeline_dag.py for tasks to queue
[2025-11-03T12:54:11.484+0000] {logging_mixin.py:188} INFO - [2025-11-03T12:54:11.484+0000] {dagbag.py:545} INFO - Filling up the DagBag from /opt/airflow/dags/niftron_pipeline_dag.py
[2025-11-03T12:54:11.490+0000] {logging_mixin.py:188} INFO - [2025-11-03T12:54:11.488+0000] {dagbag.py:355} ERROR - Failed to import: /opt/airflow/dags/niftron_pipeline_dag.py
Traceback (most recent call last):
  File "/home/airflow/.local/lib/python3.12/site-packages/airflow/models/dagbag.py", line 351, in parse
    loader.exec_module(new_module)
  File "<frozen importlib._bootstrap_external>", line 995, in exec_module
  File "<frozen importlib._bootstrap>", line 488, in _call_with_frames_removed
  File "/opt/airflow/dags/niftron_pipeline_dag.py", line 8, in <module>
    from niftron.ingestion import main as ingestion_main
ModuleNotFoundError: No module named 'niftron.ingestion'
[2025-11-03T12:54:11.490+0000] {processor.py:842} WARNING - No viable dags retrieved from /opt/airflow/dags/niftron_pipeline_dag.py
[2025-11-03T12:54:14.027+0000] {processor.py:183} INFO - Processing /opt/airflow/dags/niftron_pipeline_dag.py took 2.555 seconds
[2025-11-03T12:54:45.422+0000] {processor.py:161} INFO - Started process (PID=64) to work on /opt/airflow/dags/niftron_pipeline_dag.py
[2025-11-03T12:54:45.424+0000] {processor.py:830} INFO - Processing file /opt/airflow/dags/niftron_pipeline_dag.py for tasks to queue
[2025-11-03T12:54:45.429+0000] {logging_mixin.py:188} INFO - [2025-11-03T12:54:45.429+0000] {dagbag.py:545} INFO - Filling up the DagBag from /opt/airflow/dags/niftron_pipeline_dag.py
[2025-11-03T12:54:45.435+0000] {logging_mixin.py:188} INFO - [2025-11-03T12:54:45.434+0000] {dagbag.py:355} ERROR - Failed to import: /opt/airflow/dags/niftron_pipeline_dag.py
Traceback (most recent call last):
  File "/home/airflow/.local/lib/python3.12/site-packages/airflow/models/dagbag.py", line 351, in parse
    loader.exec_module(new_module)
  File "<frozen importlib._bootstrap_external>", line 995, in exec_module
  File "<frozen importlib._bootstrap>", line 488, in _call_with_frames_removed
  File "/opt/airflow/dags/niftron_pipeline_dag.py", line 8, in <module>
    from niftron.ingestion import main as ingestion_main
ModuleNotFoundError: No module named 'niftron.ingestion'
[2025-11-03T12:54:45.436+0000] {processor.py:842} WARNING - No viable dags retrieved from /opt/airflow/dags/niftron_pipeline_dag.py
[2025-11-03T12:54:47.373+0000] {processor.py:183} INFO - Processing /opt/airflow/dags/niftron_pipeline_dag.py took 1.957 seconds
[2025-11-03T12:55:18.193+0000] {processor.py:161} INFO - Started process (PID=65) to work on /opt/airflow/dags/niftron_pipeline_dag.py
[2025-11-03T12:55:18.199+0000] {processor.py:830} INFO - Processing file /opt/airflow/dags/niftron_pipeline_dag.py for tasks to queue
[2025-11-03T12:55:18.213+0000] {logging_mixin.py:188} INFO - [2025-11-03T12:55:18.211+0000] {dagbag.py:545} INFO - Filling up the DagBag from /opt/airflow/dags/niftron_pipeline_dag.py
[2025-11-03T12:55:18.231+0000] {logging_mixin.py:188} INFO - [2025-11-03T12:55:18.229+0000] {dagbag.py:355} ERROR - Failed to import: /opt/airflow/dags/niftron_pipeline_dag.py
Traceback (most recent call last):
  File "/home/airflow/.local/lib/python3.12/site-packages/airflow/models/dagbag.py", line 351, in parse
    loader.exec_module(new_module)
  File "<frozen importlib._bootstrap_external>", line 995, in exec_module
  File "<frozen importlib._bootstrap>", line 488, in _call_with_frames_removed
  File "/opt/airflow/dags/niftron_pipeline_dag.py", line 8, in <module>
    from niftron.ingestion import main as ingestion_main
ModuleNotFoundError: No module named 'niftron.ingestion'
[2025-11-03T12:55:18.234+0000] {processor.py:842} WARNING - No viable dags retrieved from /opt/airflow/dags/niftron_pipeline_dag.py
[2025-11-03T12:55:19.877+0000] {processor.py:183} INFO - Processing /opt/airflow/dags/niftron_pipeline_dag.py took 1.760 seconds
[2025-11-03T12:55:50.297+0000] {processor.py:161} INFO - Started process (PID=73) to work on /opt/airflow/dags/niftron_pipeline_dag.py
[2025-11-03T12:55:50.299+0000] {processor.py:830} INFO - Processing file /opt/airflow/dags/niftron_pipeline_dag.py for tasks to queue
[2025-11-03T12:55:50.304+0000] {logging_mixin.py:188} INFO - [2025-11-03T12:55:50.304+0000] {dagbag.py:545} INFO - Filling up the DagBag from /opt/airflow/dags/niftron_pipeline_dag.py
[2025-11-03T12:55:50.309+0000] {logging_mixin.py:188} INFO - [2025-11-03T12:55:50.308+0000] {dagbag.py:355} ERROR - Failed to import: /opt/airflow/dags/niftron_pipeline_dag.py
Traceback (most recent call last):
  File "/home/airflow/.local/lib/python3.12/site-packages/airflow/models/dagbag.py", line 351, in parse
    loader.exec_module(new_module)
  File "<frozen importlib._bootstrap_external>", line 995, in exec_module
  File "<frozen importlib._bootstrap>", line 488, in _call_with_frames_removed
  File "/opt/airflow/dags/niftron_pipeline_dag.py", line 8, in <module>
    from niftron.ingestion import main as ingestion_main
ModuleNotFoundError: No module named 'niftron.ingestion'
[2025-11-03T12:55:50.310+0000] {processor.py:842} WARNING - No viable dags retrieved from /opt/airflow/dags/niftron_pipeline_dag.py
[2025-11-03T12:55:52.948+0000] {processor.py:183} INFO - Processing /opt/airflow/dags/niftron_pipeline_dag.py took 2.659 seconds
[2025-11-03T12:56:25.081+0000] {processor.py:161} INFO - Started process (PID=81) to work on /opt/airflow/dags/niftron_pipeline_dag.py
[2025-11-03T12:56:25.088+0000] {processor.py:830} INFO - Processing file /opt/airflow/dags/niftron_pipeline_dag.py for tasks to queue
[2025-11-03T12:56:25.092+0000] {logging_mixin.py:188} INFO - [2025-11-03T12:56:25.091+0000] {dagbag.py:545} INFO - Filling up the DagBag from /opt/airflow/dags/niftron_pipeline_dag.py
[2025-11-03T12:56:25.103+0000] {logging_mixin.py:188} INFO - [2025-11-03T12:56:25.102+0000] {dagbag.py:355} ERROR - Failed to import: /opt/airflow/dags/niftron_pipeline_dag.py
Traceback (most recent call last):
  File "/home/airflow/.local/lib/python3.12/site-packages/airflow/models/dagbag.py", line 351, in parse
    loader.exec_module(new_module)
  File "<frozen importlib._bootstrap_external>", line 995, in exec_module
  File "<frozen importlib._bootstrap>", line 488, in _call_with_frames_removed
  File "/opt/airflow/dags/niftron_pipeline_dag.py", line 8, in <module>
    from niftron.ingestion import main as ingestion_main
ModuleNotFoundError: No module named 'niftron.ingestion'
[2025-11-03T12:56:25.104+0000] {processor.py:842} WARNING - No viable dags retrieved from /opt/airflow/dags/niftron_pipeline_dag.py
[2025-11-03T12:56:37.506+0000] {processor.py:183} INFO - Processing /opt/airflow/dags/niftron_pipeline_dag.py took 12.443 seconds
[2025-11-03T12:57:07.982+0000] {processor.py:161} INFO - Started process (PID=96) to work on /opt/airflow/dags/niftron_pipeline_dag.py
[2025-11-03T12:57:07.996+0000] {processor.py:830} INFO - Processing file /opt/airflow/dags/niftron_pipeline_dag.py for tasks to queue
[2025-11-03T12:57:08.050+0000] {logging_mixin.py:188} INFO - [2025-11-03T12:57:08.033+0000] {dagbag.py:545} INFO - Filling up the DagBag from /opt/airflow/dags/niftron_pipeline_dag.py
[2025-11-03T12:57:08.136+0000] {logging_mixin.py:188} INFO - [2025-11-03T12:57:08.121+0000] {dagbag.py:355} ERROR - Failed to import: /opt/airflow/dags/niftron_pipeline_dag.py
Traceback (most recent call last):
  File "/home/airflow/.local/lib/python3.12/site-packages/airflow/models/dagbag.py", line 351, in parse
    loader.exec_module(new_module)
  File "<frozen importlib._bootstrap_external>", line 995, in exec_module
  File "<frozen importlib._bootstrap>", line 488, in _call_with_frames_removed
  File "/opt/airflow/dags/niftron_pipeline_dag.py", line 8, in <module>
    from niftron.ingestion import main as ingestion_main
ModuleNotFoundError: No module named 'niftron.ingestion'
[2025-11-03T12:57:08.140+0000] {processor.py:842} WARNING - No viable dags retrieved from /opt/airflow/dags/niftron_pipeline_dag.py
[2025-11-03T12:57:12.462+0000] {processor.py:183} INFO - Processing /opt/airflow/dags/niftron_pipeline_dag.py took 4.543 seconds
[2025-11-03T12:57:42.921+0000] {processor.py:161} INFO - Started process (PID=104) to work on /opt/airflow/dags/niftron_pipeline_dag.py
[2025-11-03T12:57:42.923+0000] {processor.py:830} INFO - Processing file /opt/airflow/dags/niftron_pipeline_dag.py for tasks to queue
[2025-11-03T12:57:42.925+0000] {logging_mixin.py:188} INFO - [2025-11-03T12:57:42.925+0000] {dagbag.py:545} INFO - Filling up the DagBag from /opt/airflow/dags/niftron_pipeline_dag.py
[2025-11-03T12:57:42.933+0000] {logging_mixin.py:188} INFO - [2025-11-03T12:57:42.932+0000] {dagbag.py:355} ERROR - Failed to import: /opt/airflow/dags/niftron_pipeline_dag.py
Traceback (most recent call last):
  File "/home/airflow/.local/lib/python3.12/site-packages/airflow/models/dagbag.py", line 351, in parse
    loader.exec_module(new_module)
  File "<frozen importlib._bootstrap_external>", line 995, in exec_module
  File "<frozen importlib._bootstrap>", line 488, in _call_with_frames_removed
  File "/opt/airflow/dags/niftron_pipeline_dag.py", line 8, in <module>
    from niftron.ingestion import main as ingestion_main
ModuleNotFoundError: No module named 'niftron.ingestion'
[2025-11-03T12:57:42.934+0000] {processor.py:842} WARNING - No viable dags retrieved from /opt/airflow/dags/niftron_pipeline_dag.py
[2025-11-03T12:57:46.091+0000] {processor.py:183} INFO - Processing /opt/airflow/dags/niftron_pipeline_dag.py took 3.183 seconds
[2025-11-03T12:58:17.112+0000] {processor.py:161} INFO - Started process (PID=112) to work on /opt/airflow/dags/niftron_pipeline_dag.py
[2025-11-03T12:58:17.113+0000] {processor.py:830} INFO - Processing file /opt/airflow/dags/niftron_pipeline_dag.py for tasks to queue
[2025-11-03T12:58:17.126+0000] {logging_mixin.py:188} INFO - [2025-11-03T12:58:17.122+0000] {dagbag.py:545} INFO - Filling up the DagBag from /opt/airflow/dags/niftron_pipeline_dag.py
[2025-11-03T12:58:17.141+0000] {logging_mixin.py:188} INFO - [2025-11-03T12:58:17.138+0000] {dagbag.py:355} ERROR - Failed to import: /opt/airflow/dags/niftron_pipeline_dag.py
Traceback (most recent call last):
  File "/home/airflow/.local/lib/python3.12/site-packages/airflow/models/dagbag.py", line 351, in parse
    loader.exec_module(new_module)
  File "<frozen importlib._bootstrap_external>", line 995, in exec_module
  File "<frozen importlib._bootstrap>", line 488, in _call_with_frames_removed
  File "/opt/airflow/dags/niftron_pipeline_dag.py", line 8, in <module>
    from niftron.ingestion import main as ingestion_main
ModuleNotFoundError: No module named 'niftron.ingestion'
[2025-11-03T12:58:17.141+0000] {processor.py:842} WARNING - No viable dags retrieved from /opt/airflow/dags/niftron_pipeline_dag.py
[2025-11-03T12:58:19.043+0000] {processor.py:183} INFO - Processing /opt/airflow/dags/niftron_pipeline_dag.py took 1.942 seconds
[2025-11-03T12:58:49.256+0000] {processor.py:161} INFO - Started process (PID=113) to work on /opt/airflow/dags/niftron_pipeline_dag.py
[2025-11-03T12:58:49.257+0000] {processor.py:830} INFO - Processing file /opt/airflow/dags/niftron_pipeline_dag.py for tasks to queue
[2025-11-03T12:58:49.263+0000] {logging_mixin.py:188} INFO - [2025-11-03T12:58:49.262+0000] {dagbag.py:545} INFO - Filling up the DagBag from /opt/airflow/dags/niftron_pipeline_dag.py
[2025-11-03T12:58:49.268+0000] {logging_mixin.py:188} INFO - [2025-11-03T12:58:49.267+0000] {dagbag.py:355} ERROR - Failed to import: /opt/airflow/dags/niftron_pipeline_dag.py
Traceback (most recent call last):
  File "/home/airflow/.local/lib/python3.12/site-packages/airflow/models/dagbag.py", line 351, in parse
    loader.exec_module(new_module)
  File "<frozen importlib._bootstrap_external>", line 995, in exec_module
  File "<frozen importlib._bootstrap>", line 488, in _call_with_frames_removed
  File "/opt/airflow/dags/niftron_pipeline_dag.py", line 8, in <module>
    from niftron.ingestion import main as ingestion_main
ModuleNotFoundError: No module named 'niftron.ingestion'
[2025-11-03T12:58:49.268+0000] {processor.py:842} WARNING - No viable dags retrieved from /opt/airflow/dags/niftron_pipeline_dag.py
[2025-11-03T12:58:50.668+0000] {processor.py:183} INFO - Processing /opt/airflow/dags/niftron_pipeline_dag.py took 1.419 seconds
[2025-11-03T12:59:21.511+0000] {processor.py:161} INFO - Started process (PID=121) to work on /opt/airflow/dags/niftron_pipeline_dag.py
[2025-11-03T12:59:21.512+0000] {processor.py:830} INFO - Processing file /opt/airflow/dags/niftron_pipeline_dag.py for tasks to queue
[2025-11-03T12:59:21.515+0000] {logging_mixin.py:188} INFO - [2025-11-03T12:59:21.514+0000] {dagbag.py:545} INFO - Filling up the DagBag from /opt/airflow/dags/niftron_pipeline_dag.py
[2025-11-03T12:59:21.521+0000] {logging_mixin.py:188} INFO - [2025-11-03T12:59:21.519+0000] {dagbag.py:355} ERROR - Failed to import: /opt/airflow/dags/niftron_pipeline_dag.py
Traceback (most recent call last):
  File "/home/airflow/.local/lib/python3.12/site-packages/airflow/models/dagbag.py", line 351, in parse
    loader.exec_module(new_module)
  File "<frozen importlib._bootstrap_external>", line 995, in exec_module
  File "<frozen importlib._bootstrap>", line 488, in _call_with_frames_removed
  File "/opt/airflow/dags/niftron_pipeline_dag.py", line 8, in <module>
    from niftron.ingestion import main as ingestion_main
ModuleNotFoundError: No module named 'niftron.ingestion'
[2025-11-03T12:59:21.521+0000] {processor.py:842} WARNING - No viable dags retrieved from /opt/airflow/dags/niftron_pipeline_dag.py
[2025-11-03T12:59:22.830+0000] {processor.py:183} INFO - Processing /opt/airflow/dags/niftron_pipeline_dag.py took 1.331 seconds
[2025-11-03T12:59:53.628+0000] {processor.py:161} INFO - Started process (PID=129) to work on /opt/airflow/dags/niftron_pipeline_dag.py
[2025-11-03T12:59:53.629+0000] {processor.py:830} INFO - Processing file /opt/airflow/dags/niftron_pipeline_dag.py for tasks to queue
[2025-11-03T12:59:53.635+0000] {logging_mixin.py:188} INFO - [2025-11-03T12:59:53.634+0000] {dagbag.py:545} INFO - Filling up the DagBag from /opt/airflow/dags/niftron_pipeline_dag.py
[2025-11-03T12:59:53.644+0000] {logging_mixin.py:188} INFO - [2025-11-03T12:59:53.643+0000] {dagbag.py:355} ERROR - Failed to import: /opt/airflow/dags/niftron_pipeline_dag.py
Traceback (most recent call last):
  File "/home/airflow/.local/lib/python3.12/site-packages/airflow/models/dagbag.py", line 351, in parse
    loader.exec_module(new_module)
  File "<frozen importlib._bootstrap_external>", line 995, in exec_module
  File "<frozen importlib._bootstrap>", line 488, in _call_with_frames_removed
  File "/opt/airflow/dags/niftron_pipeline_dag.py", line 8, in <module>
    from niftron.ingestion import main as ingestion_main
ModuleNotFoundError: No module named 'niftron.ingestion'
[2025-11-03T12:59:53.644+0000] {processor.py:842} WARNING - No viable dags retrieved from /opt/airflow/dags/niftron_pipeline_dag.py
[2025-11-03T12:59:55.211+0000] {processor.py:183} INFO - Processing /opt/airflow/dags/niftron_pipeline_dag.py took 1.593 seconds
[2025-11-03T13:00:25.499+0000] {processor.py:161} INFO - Started process (PID=137) to work on /opt/airflow/dags/niftron_pipeline_dag.py
[2025-11-03T13:00:25.501+0000] {processor.py:830} INFO - Processing file /opt/airflow/dags/niftron_pipeline_dag.py for tasks to queue
[2025-11-03T13:00:25.508+0000] {logging_mixin.py:188} INFO - [2025-11-03T13:00:25.506+0000] {dagbag.py:545} INFO - Filling up the DagBag from /opt/airflow/dags/niftron_pipeline_dag.py
[2025-11-03T13:00:25.513+0000] {logging_mixin.py:188} INFO - [2025-11-03T13:00:25.512+0000] {dagbag.py:355} ERROR - Failed to import: /opt/airflow/dags/niftron_pipeline_dag.py
Traceback (most recent call last):
  File "/home/airflow/.local/lib/python3.12/site-packages/airflow/models/dagbag.py", line 351, in parse
    loader.exec_module(new_module)
  File "<frozen importlib._bootstrap_external>", line 995, in exec_module
  File "<frozen importlib._bootstrap>", line 488, in _call_with_frames_removed
  File "/opt/airflow/dags/niftron_pipeline_dag.py", line 8, in <module>
    from niftron.ingestion import main as ingestion_main
ModuleNotFoundError: No module named 'niftron.ingestion'
[2025-11-03T13:00:25.514+0000] {processor.py:842} WARNING - No viable dags retrieved from /opt/airflow/dags/niftron_pipeline_dag.py
[2025-11-03T13:00:26.960+0000] {processor.py:183} INFO - Processing /opt/airflow/dags/niftron_pipeline_dag.py took 1.473 seconds
[2025-11-03T13:00:57.502+0000] {processor.py:161} INFO - Started process (PID=145) to work on /opt/airflow/dags/niftron_pipeline_dag.py
[2025-11-03T13:00:57.503+0000] {processor.py:830} INFO - Processing file /opt/airflow/dags/niftron_pipeline_dag.py for tasks to queue
[2025-11-03T13:00:57.506+0000] {logging_mixin.py:188} INFO - [2025-11-03T13:00:57.506+0000] {dagbag.py:545} INFO - Filling up the DagBag from /opt/airflow/dags/niftron_pipeline_dag.py
[2025-11-03T13:00:57.512+0000] {logging_mixin.py:188} INFO - [2025-11-03T13:00:57.511+0000] {dagbag.py:355} ERROR - Failed to import: /opt/airflow/dags/niftron_pipeline_dag.py
Traceback (most recent call last):
  File "/home/airflow/.local/lib/python3.12/site-packages/airflow/models/dagbag.py", line 351, in parse
    loader.exec_module(new_module)
  File "<frozen importlib._bootstrap_external>", line 995, in exec_module
  File "<frozen importlib._bootstrap>", line 488, in _call_with_frames_removed
  File "/opt/airflow/dags/niftron_pipeline_dag.py", line 8, in <module>
    from niftron.ingestion import main as ingestion_main
ModuleNotFoundError: No module named 'niftron.ingestion'
[2025-11-03T13:00:57.512+0000] {processor.py:842} WARNING - No viable dags retrieved from /opt/airflow/dags/niftron_pipeline_dag.py
[2025-11-03T13:00:58.886+0000] {processor.py:183} INFO - Processing /opt/airflow/dags/niftron_pipeline_dag.py took 1.402 seconds
[2025-11-03T13:01:29.374+0000] {processor.py:161} INFO - Started process (PID=153) to work on /opt/airflow/dags/niftron_pipeline_dag.py
[2025-11-03T13:01:29.375+0000] {processor.py:830} INFO - Processing file /opt/airflow/dags/niftron_pipeline_dag.py for tasks to queue
[2025-11-03T13:01:29.378+0000] {logging_mixin.py:188} INFO - [2025-11-03T13:01:29.378+0000] {dagbag.py:545} INFO - Filling up the DagBag from /opt/airflow/dags/niftron_pipeline_dag.py
[2025-11-03T13:01:29.387+0000] {logging_mixin.py:188} INFO - [2025-11-03T13:01:29.386+0000] {dagbag.py:355} ERROR - Failed to import: /opt/airflow/dags/niftron_pipeline_dag.py
Traceback (most recent call last):
  File "/home/airflow/.local/lib/python3.12/site-packages/airflow/models/dagbag.py", line 351, in parse
    loader.exec_module(new_module)
  File "<frozen importlib._bootstrap_external>", line 995, in exec_module
  File "<frozen importlib._bootstrap>", line 488, in _call_with_frames_removed
  File "/opt/airflow/dags/niftron_pipeline_dag.py", line 8, in <module>
    from niftron.ingestion import main as ingestion_main
ModuleNotFoundError: No module named 'niftron.ingestion'
[2025-11-03T13:01:29.387+0000] {processor.py:842} WARNING - No viable dags retrieved from /opt/airflow/dags/niftron_pipeline_dag.py
[2025-11-03T13:01:33.433+0000] {processor.py:183} INFO - Processing /opt/airflow/dags/niftron_pipeline_dag.py took 4.068 seconds
