[2025-11-03T12:26:46.784+0000] {manager.py:470} INFO - Processing files using up to 2 processes at a time 
[2025-11-03T12:26:46.785+0000] {manager.py:471} INFO - Process each file at most once every 30 seconds
[2025-11-03T12:26:46.785+0000] {manager.py:472} INFO - Checking for new files in /opt/airflow/dags every 300 seconds
[2025-11-03T12:26:46.787+0000] {manager.py:737} INFO - Searching for files in /opt/airflow/dags
[2025-11-03T12:26:46.822+0000] {manager.py:740} INFO - There are 1 files in /opt/airflow/dags
[2025-11-03T12:27:00.104+0000] {manager.py:878} INFO - 
================================================================================
DAG File Processing Stats

File Path                                  PID    Runtime      # DAGs    # Errors  Last Runtime    Last Run
-----------------------------------------  -----  ---------  --------  ----------  --------------  -------------------
/opt/airflow/dags/niftron_pipeline_dag.py                           0           1  0.04s           2025-11-03T12:26:46
================================================================================
[2025-11-03T12:27:30.411+0000] {manager.py:878} INFO - 
================================================================================
DAG File Processing Stats

File Path                                  PID    Runtime      # DAGs    # Errors  Last Runtime    Last Run
-----------------------------------------  -----  ---------  --------  ----------  --------------  -------------------
/opt/airflow/dags/niftron_pipeline_dag.py                           0           1  0.06s           2025-11-03T12:27:17
================================================================================
[2025-11-03T12:28:00.762+0000] {manager.py:878} INFO - 
================================================================================
DAG File Processing Stats

File Path                                  PID    Runtime      # DAGs    # Errors  Last Runtime    Last Run
-----------------------------------------  -----  ---------  --------  ----------  --------------  -------------------
/opt/airflow/dags/niftron_pipeline_dag.py                           0           1  0.08s           2025-11-03T12:27:47
================================================================================
[2025-11-03T12:28:31.184+0000] {manager.py:878} INFO - 
================================================================================
DAG File Processing Stats

File Path                                  PID    Runtime      # DAGs    # Errors  Last Runtime    Last Run
-----------------------------------------  -----  ---------  --------  ----------  --------------  -------------------
/opt/airflow/dags/niftron_pipeline_dag.py                           0           1  0.06s           2025-11-03T12:28:18
================================================================================
[2025-11-03T12:29:01.553+0000] {manager.py:878} INFO - 
================================================================================
DAG File Processing Stats

File Path                                  PID    Runtime      # DAGs    # Errors  Last Runtime    Last Run
-----------------------------------------  -----  ---------  --------  ----------  --------------  -------------------
/opt/airflow/dags/niftron_pipeline_dag.py                           0           1  0.07s           2025-11-03T12:28:48
================================================================================
[2025-11-03T12:29:31.992+0000] {manager.py:878} INFO - 
================================================================================
DAG File Processing Stats

File Path                                  PID    Runtime      # DAGs    # Errors  Last Runtime    Last Run
-----------------------------------------  -----  ---------  --------  ----------  --------------  -------------------
/opt/airflow/dags/niftron_pipeline_dag.py                           0           1  0.11s           2025-11-03T12:29:18
================================================================================
[2025-11-03T12:30:02.263+0000] {manager.py:878} INFO - 
================================================================================
DAG File Processing Stats

File Path                                  PID    Runtime      # DAGs    # Errors  Last Runtime    Last Run
-----------------------------------------  -----  ---------  --------  ----------  --------------  -------------------
/opt/airflow/dags/niftron_pipeline_dag.py                           0           1  0.06s           2025-11-03T12:29:49
================================================================================
[2025-11-03T12:30:32.566+0000] {manager.py:878} INFO - 
================================================================================
DAG File Processing Stats

File Path                                  PID    Runtime      # DAGs    # Errors  Last Runtime    Last Run
-----------------------------------------  -----  ---------  --------  ----------  --------------  -------------------
/opt/airflow/dags/niftron_pipeline_dag.py                           0           1  0.08s           2025-11-03T12:30:19
================================================================================
[2025-11-03T12:31:03.092+0000] {manager.py:878} INFO - 
================================================================================
DAG File Processing Stats

File Path                                  PID    Runtime      # DAGs    # Errors  Last Runtime    Last Run
-----------------------------------------  -----  ---------  --------  ----------  --------------  -------------------
/opt/airflow/dags/niftron_pipeline_dag.py                           0           1  0.07s           2025-11-03T12:30:49
================================================================================
[2025-11-03T12:31:33.402+0000] {manager.py:878} INFO - 
================================================================================
DAG File Processing Stats

File Path                                  PID    Runtime      # DAGs    # Errors  Last Runtime    Last Run
-----------------------------------------  -----  ---------  --------  ----------  --------------  -------------------
/opt/airflow/dags/niftron_pipeline_dag.py                           0           1  0.06s           2025-11-03T12:31:20
================================================================================
[2025-11-03T12:31:47.664+0000] {manager.py:737} INFO - Searching for files in /opt/airflow/dags
[2025-11-03T12:31:47.676+0000] {manager.py:740} INFO - There are 1 files in /opt/airflow/dags
[2025-11-03T12:32:03.948+0000] {manager.py:878} INFO - 
================================================================================
DAG File Processing Stats

File Path                                  PID    Runtime      # DAGs    # Errors  Last Runtime    Last Run
-----------------------------------------  -----  ---------  --------  ----------  --------------  -------------------
/opt/airflow/dags/niftron_pipeline_dag.py                           0           1  0.10s           2025-11-03T12:31:50
================================================================================
[2025-11-03T12:32:34.229+0000] {manager.py:878} INFO - 
================================================================================
DAG File Processing Stats

File Path                                  PID    Runtime      # DAGs    # Errors  Last Runtime    Last Run
-----------------------------------------  -----  ---------  --------  ----------  --------------  -------------------
/opt/airflow/dags/niftron_pipeline_dag.py                           0           1  0.06s           2025-11-03T12:32:21
================================================================================
[2025-11-03T12:33:04.613+0000] {manager.py:878} INFO - 
================================================================================
DAG File Processing Stats

File Path                                  PID    Runtime      # DAGs    # Errors  Last Runtime    Last Run
-----------------------------------------  -----  ---------  --------  ----------  --------------  -------------------
/opt/airflow/dags/niftron_pipeline_dag.py                           0           1  0.07s           2025-11-03T12:32:51
================================================================================
[2025-11-03T12:33:35.074+0000] {manager.py:878} INFO - 
================================================================================
DAG File Processing Stats

File Path                                  PID    Runtime      # DAGs    # Errors  Last Runtime    Last Run
-----------------------------------------  -----  ---------  --------  ----------  --------------  -------------------
/opt/airflow/dags/niftron_pipeline_dag.py                           0           1  0.07s           2025-11-03T12:33:21
================================================================================
[2025-11-03T12:34:05.433+0000] {manager.py:878} INFO - 
================================================================================
DAG File Processing Stats

File Path                                  PID    Runtime      # DAGs    # Errors  Last Runtime    Last Run
-----------------------------------------  -----  ---------  --------  ----------  --------------  -------------------
/opt/airflow/dags/niftron_pipeline_dag.py                           0           1  0.08s           2025-11-03T12:33:52
================================================================================
[2025-11-03T12:34:35.795+0000] {manager.py:878} INFO - 
================================================================================
DAG File Processing Stats

File Path                                  PID    Runtime      # DAGs    # Errors  Last Runtime    Last Run
-----------------------------------------  -----  ---------  --------  ----------  --------------  -------------------
/opt/airflow/dags/niftron_pipeline_dag.py                           0           1  0.08s           2025-11-03T12:34:22
================================================================================
[2025-11-03T12:35:06.097+0000] {manager.py:878} INFO - 
================================================================================
DAG File Processing Stats

File Path                                  PID    Runtime      # DAGs    # Errors  Last Runtime    Last Run
-----------------------------------------  -----  ---------  --------  ----------  --------------  -------------------
/opt/airflow/dags/niftron_pipeline_dag.py                           0           1  0.07s           2025-11-03T12:34:52
================================================================================
[2025-11-03T12:35:36.376+0000] {manager.py:878} INFO - 
================================================================================
DAG File Processing Stats

File Path                                  PID    Runtime      # DAGs    # Errors  Last Runtime    Last Run
-----------------------------------------  -----  ---------  --------  ----------  --------------  -------------------
/opt/airflow/dags/niftron_pipeline_dag.py                           0           1  0.06s           2025-11-03T12:35:23
================================================================================
[2025-11-03T12:36:06.713+0000] {manager.py:878} INFO - 
================================================================================
DAG File Processing Stats

File Path                                  PID    Runtime      # DAGs    # Errors  Last Runtime    Last Run
-----------------------------------------  -----  ---------  --------  ----------  --------------  -------------------
/opt/airflow/dags/niftron_pipeline_dag.py                           0           1  0.08s           2025-11-03T12:35:53
================================================================================
[2025-11-03T12:36:37.057+0000] {manager.py:878} INFO - 
================================================================================
DAG File Processing Stats

File Path                                  PID    Runtime      # DAGs    # Errors  Last Runtime    Last Run
-----------------------------------------  -----  ---------  --------  ----------  --------------  -------------------
/opt/airflow/dags/niftron_pipeline_dag.py                           0           1  0.08s           2025-11-03T12:36:23
================================================================================
[2025-11-03T12:36:48.234+0000] {manager.py:737} INFO - Searching for files in /opt/airflow/dags
[2025-11-03T12:36:48.245+0000] {manager.py:740} INFO - There are 1 files in /opt/airflow/dags
[2025-11-03T12:37:07.493+0000] {manager.py:878} INFO - 
================================================================================
DAG File Processing Stats

File Path                                  PID    Runtime      # DAGs    # Errors  Last Runtime    Last Run
-----------------------------------------  -----  ---------  --------  ----------  --------------  -------------------
/opt/airflow/dags/niftron_pipeline_dag.py                           0           1  0.06s           2025-11-03T12:36:54
================================================================================
[2025-11-03T12:37:37.816+0000] {manager.py:878} INFO - 
================================================================================
DAG File Processing Stats

File Path                                  PID    Runtime      # DAGs    # Errors  Last Runtime    Last Run
-----------------------------------------  -----  ---------  --------  ----------  --------------  -------------------
/opt/airflow/dags/niftron_pipeline_dag.py                           0           1  0.05s           2025-11-03T12:37:24
================================================================================
[2025-11-03T12:38:08.099+0000] {manager.py:878} INFO - 
================================================================================
DAG File Processing Stats

File Path                                  PID    Runtime      # DAGs    # Errors  Last Runtime    Last Run
-----------------------------------------  -----  ---------  --------  ----------  --------------  -------------------
/opt/airflow/dags/niftron_pipeline_dag.py                           0           1  0.05s           2025-11-03T12:37:55
================================================================================
[2025-11-03T12:38:38.321+0000] {manager.py:878} INFO - 
================================================================================
DAG File Processing Stats

File Path                                  PID    Runtime      # DAGs    # Errors  Last Runtime    Last Run
-----------------------------------------  -----  ---------  --------  ----------  --------------  -------------------
/opt/airflow/dags/niftron_pipeline_dag.py                           0           1  0.20s           2025-11-03T12:38:25
================================================================================
[2025-11-03T12:39:08.700+0000] {manager.py:878} INFO - 
================================================================================
DAG File Processing Stats

File Path                                  PID    Runtime      # DAGs    # Errors  Last Runtime    Last Run
-----------------------------------------  -----  ---------  --------  ----------  --------------  -------------------
/opt/airflow/dags/niftron_pipeline_dag.py                           0           1  0.17s           2025-11-03T12:38:55
================================================================================
[2025-11-03T12:39:27.878+0000] {manager.py:452} INFO - Exiting gracefully upon receiving signal 15
[2025-11-03T12:48:16.252+0000] {manager.py:470} INFO - Processing files using up to 2 processes at a time 
[2025-11-03T12:48:16.253+0000] {manager.py:471} INFO - Process each file at most once every 30 seconds
[2025-11-03T12:48:16.253+0000] {manager.py:472} INFO - Checking for new files in /opt/airflow/dags every 300 seconds
[2025-11-03T12:48:16.253+0000] {manager.py:737} INFO - Searching for files in /opt/airflow/dags
[2025-11-03T12:48:16.258+0000] {manager.py:740} INFO - There are 1 files in /opt/airflow/dags
[2025-11-03T12:48:24.498+0000] {manager.py:878} INFO - 
================================================================================
DAG File Processing Stats

File Path                                    PID  Runtime      # DAGs    # Errors  Last Runtime    Last Run
-----------------------------------------  -----  ---------  --------  ----------  --------------  ----------
/opt/airflow/dags/niftron_pipeline_dag.py     49  3.62s             0           0
================================================================================
[2025-11-03T12:48:55.474+0000] {manager.py:878} INFO - 
================================================================================
DAG File Processing Stats

File Path                                  PID    Runtime      # DAGs    # Errors  Last Runtime    Last Run
-----------------------------------------  -----  ---------  --------  ----------  --------------  -------------------
/opt/airflow/dags/niftron_pipeline_dag.py                           0           1  5.85s           2025-11-03T12:48:26
================================================================================
[2025-11-03T12:49:26.346+0000] {manager.py:878} INFO - 
================================================================================
DAG File Processing Stats

File Path                                  PID    Runtime      # DAGs    # Errors  Last Runtime    Last Run
-----------------------------------------  -----  ---------  --------  ----------  --------------  -------------------
/opt/airflow/dags/niftron_pipeline_dag.py                           0           1  5.37s           2025-11-03T12:49:02
================================================================================
[2025-11-03T12:49:57.003+0000] {manager.py:878} INFO - 
================================================================================
DAG File Processing Stats

File Path                                  PID    Runtime      # DAGs    # Errors  Last Runtime    Last Run
-----------------------------------------  -----  ---------  --------  ----------  --------------  -------------------
/opt/airflow/dags/niftron_pipeline_dag.py                           0           1  7.66s           2025-11-03T12:49:40
================================================================================
[2025-11-03T12:50:27.187+0000] {manager.py:878} INFO - 
================================================================================
DAG File Processing Stats

File Path                                  PID    Runtime      # DAGs    # Errors  Last Runtime    Last Run
-----------------------------------------  -----  ---------  --------  ----------  --------------  -------------------
/opt/airflow/dags/niftron_pipeline_dag.py                           0           1  1.65s           2025-11-03T12:50:12
================================================================================
[2025-11-03T12:50:57.582+0000] {manager.py:878} INFO - 
================================================================================
DAG File Processing Stats

File Path                                  PID    Runtime      # DAGs    # Errors  Last Runtime    Last Run
-----------------------------------------  -----  ---------  --------  ----------  --------------  -------------------
/opt/airflow/dags/niftron_pipeline_dag.py                           0           1  1.63s           2025-11-03T12:50:45
================================================================================
[2025-11-03T12:51:28.546+0000] {manager.py:878} INFO - 
================================================================================
DAG File Processing Stats

File Path                                  PID    Runtime      # DAGs    # Errors  Last Runtime    Last Run
-----------------------------------------  -----  ---------  --------  ----------  --------------  -------------------
/opt/airflow/dags/niftron_pipeline_dag.py                           0           1  2.63s           2025-11-03T12:51:18
================================================================================
[2025-11-03T12:51:58.927+0000] {manager.py:878} INFO - 
================================================================================
DAG File Processing Stats

File Path                                  PID    Runtime      # DAGs    # Errors  Last Runtime    Last Run
-----------------------------------------  -----  ---------  --------  ----------  --------------  -------------------
/opt/airflow/dags/niftron_pipeline_dag.py                           0           1  2.80s           2025-11-03T12:51:51
================================================================================
[2025-11-03T12:52:29.544+0000] {manager.py:878} INFO - 
================================================================================
DAG File Processing Stats

File Path                                  PID    Runtime      # DAGs    # Errors  Last Runtime    Last Run
-----------------------------------------  -----  ---------  --------  ----------  --------------  -------------------
/opt/airflow/dags/niftron_pipeline_dag.py                           0           1  1.48s           2025-11-03T12:52:23
================================================================================
[2025-11-03T12:52:42.247+0000] {manager.py:452} INFO - Exiting gracefully upon receiving signal 15
[2025-11-03T12:54:08.411+0000] {manager.py:470} INFO - Processing files using up to 2 processes at a time 
[2025-11-03T12:54:08.412+0000] {manager.py:471} INFO - Process each file at most once every 30 seconds
[2025-11-03T12:54:08.412+0000] {manager.py:472} INFO - Checking for new files in /opt/airflow/dags every 300 seconds
[2025-11-03T12:54:08.412+0000] {manager.py:737} INFO - Searching for files in /opt/airflow/dags
[2025-11-03T12:54:08.415+0000] {manager.py:740} INFO - There are 1 files in /opt/airflow/dags
[2025-11-03T12:54:12.118+0000] {manager.py:878} INFO - 
================================================================================
DAG File Processing Stats

File Path                                    PID  Runtime      # DAGs    # Errors  Last Runtime    Last Run
-----------------------------------------  -----  ---------  --------  ----------  --------------  ----------
/opt/airflow/dags/niftron_pipeline_dag.py     56  0.65s             0           0
================================================================================
[2025-11-03T12:54:42.461+0000] {manager.py:878} INFO - 
================================================================================
DAG File Processing Stats

File Path                                  PID    Runtime      # DAGs    # Errors  Last Runtime    Last Run
-----------------------------------------  -----  ---------  --------  ----------  --------------  -------------------
/opt/airflow/dags/niftron_pipeline_dag.py                           0           1  2.64s           2025-11-03T12:54:14
================================================================================
[2025-11-03T12:55:12.887+0000] {manager.py:878} INFO - 
================================================================================
DAG File Processing Stats

File Path                                  PID    Runtime      # DAGs    # Errors  Last Runtime    Last Run
-----------------------------------------  -----  ---------  --------  ----------  --------------  -------------------
/opt/airflow/dags/niftron_pipeline_dag.py                           0           1  2.01s           2025-11-03T12:54:47
================================================================================
[2025-11-03T12:55:43.834+0000] {manager.py:878} INFO - 
================================================================================
DAG File Processing Stats

File Path                                  PID    Runtime      # DAGs    # Errors  Last Runtime    Last Run
-----------------------------------------  -----  ---------  --------  ----------  --------------  -------------------
/opt/airflow/dags/niftron_pipeline_dag.py                           0           1  1.80s           2025-11-03T12:55:19
================================================================================
[2025-11-03T12:56:15.779+0000] {manager.py:878} INFO - 
================================================================================
DAG File Processing Stats

File Path                                  PID    Runtime      # DAGs    # Errors  Last Runtime    Last Run
-----------------------------------------  -----  ---------  --------  ----------  --------------  -------------------
/opt/airflow/dags/niftron_pipeline_dag.py                           0           1  2.85s           2025-11-03T12:55:53
================================================================================
[2025-11-03T12:56:46.648+0000] {manager.py:878} INFO - 
================================================================================
DAG File Processing Stats

File Path                                  PID    Runtime      # DAGs    # Errors  Last Runtime    Last Run
-----------------------------------------  -----  ---------  --------  ----------  --------------  -------------------
/opt/airflow/dags/niftron_pipeline_dag.py                           0           1  12.71s          2025-11-03T12:56:37
================================================================================
[2025-11-03T12:57:16.663+0000] {manager.py:878} INFO - 
================================================================================
DAG File Processing Stats

File Path                                  PID    Runtime      # DAGs    # Errors  Last Runtime    Last Run
-----------------------------------------  -----  ---------  --------  ----------  --------------  -------------------
/opt/airflow/dags/niftron_pipeline_dag.py                           0           1  4.61s           2025-11-03T12:57:12
================================================================================
[2025-11-03T12:57:46.857+0000] {manager.py:878} INFO - 
================================================================================
DAG File Processing Stats

File Path                                  PID    Runtime      # DAGs    # Errors  Last Runtime    Last Run
-----------------------------------------  -----  ---------  --------  ----------  --------------  -------------------
/opt/airflow/dags/niftron_pipeline_dag.py                           0           1  3.37s           2025-11-03T12:57:46
================================================================================
[2025-11-03T12:58:17.087+0000] {manager.py:878} INFO - 
================================================================================
DAG File Processing Stats

File Path                                    PID  Runtime      # DAGs    # Errors  Last Runtime    Last Run
-----------------------------------------  -----  ---------  --------  ----------  --------------  -------------------
/opt/airflow/dags/niftron_pipeline_dag.py    112  0.02s             0           1  3.37s           2025-11-03T12:57:46
================================================================================
[2025-11-03T12:58:47.852+0000] {manager.py:878} INFO - 
================================================================================
DAG File Processing Stats

File Path                                  PID    Runtime      # DAGs    # Errors  Last Runtime    Last Run
-----------------------------------------  -----  ---------  --------  ----------  --------------  -------------------
/opt/airflow/dags/niftron_pipeline_dag.py                           0           1  2.05s           2025-11-03T12:58:19
================================================================================
[2025-11-03T12:59:09.113+0000] {manager.py:737} INFO - Searching for files in /opt/airflow/dags
[2025-11-03T12:59:09.132+0000] {manager.py:740} INFO - There are 1 files in /opt/airflow/dags
[2025-11-03T12:59:18.809+0000] {manager.py:878} INFO - 
================================================================================
DAG File Processing Stats

File Path                                  PID    Runtime      # DAGs    # Errors  Last Runtime    Last Run
-----------------------------------------  -----  ---------  --------  ----------  --------------  -------------------
/opt/airflow/dags/niftron_pipeline_dag.py                           0           1  1.69s           2025-11-03T12:58:50
================================================================================
[2025-11-03T12:59:49.514+0000] {manager.py:878} INFO - 
================================================================================
DAG File Processing Stats

File Path                                  PID    Runtime      # DAGs    # Errors  Last Runtime    Last Run
-----------------------------------------  -----  ---------  --------  ----------  --------------  -------------------
/opt/airflow/dags/niftron_pipeline_dag.py                           0           1  1.65s           2025-11-03T12:59:23
================================================================================
[2025-11-03T13:00:20.146+0000] {manager.py:878} INFO - 
================================================================================
DAG File Processing Stats

File Path                                  PID    Runtime      # DAGs    # Errors  Last Runtime    Last Run
-----------------------------------------  -----  ---------  --------  ----------  --------------  -------------------
/opt/airflow/dags/niftron_pipeline_dag.py                           0           1  1.69s           2025-11-03T12:59:55
================================================================================
[2025-11-03T13:00:50.813+0000] {manager.py:878} INFO - 
================================================================================
DAG File Processing Stats

File Path                                  PID    Runtime      # DAGs    # Errors  Last Runtime    Last Run
-----------------------------------------  -----  ---------  --------  ----------  --------------  -------------------
/opt/airflow/dags/niftron_pipeline_dag.py                           0           1  1.54s           2025-11-03T13:00:26
================================================================================
[2025-11-03T13:01:21.316+0000] {manager.py:878} INFO - 
================================================================================
DAG File Processing Stats

File Path                                  PID    Runtime      # DAGs    # Errors  Last Runtime    Last Run
-----------------------------------------  -----  ---------  --------  ----------  --------------  -------------------
/opt/airflow/dags/niftron_pipeline_dag.py                           0           1  1.69s           2025-11-03T13:00:59
================================================================================
[2025-11-03T13:01:51.949+0000] {manager.py:878} INFO - 
================================================================================
DAG File Processing Stats

File Path                                  PID    Runtime      # DAGs    # Errors  Last Runtime    Last Run
-----------------------------------------  -----  ---------  --------  ----------  --------------  -------------------
/opt/airflow/dags/niftron_pipeline_dag.py                           0           1  4.12s           2025-11-03T13:01:33
================================================================================
