[2025-11-09T17:17:52.546+0000] {local_task_job_runner.py:120} INFO - ::group::Pre task execution logs
[2025-11-09T17:17:52.558+0000] {taskinstance.py:2076} INFO - Dependencies all met for dep_context=non-requeueable deps ti=<TaskInstance: niftron_daily_pipeline.analyze_and_rank scheduled__2025-11-06T18:00:00+00:00 [queued]>
[2025-11-09T17:17:52.562+0000] {taskinstance.py:2076} INFO - Dependencies all met for dep_context=requeueable deps ti=<TaskInstance: niftron_daily_pipeline.analyze_and_rank scheduled__2025-11-06T18:00:00+00:00 [queued]>
[2025-11-09T17:17:52.562+0000] {taskinstance.py:2306} INFO - Starting attempt 1 of 1
[2025-11-09T17:17:52.567+0000] {taskinstance.py:2330} INFO - Executing <Task(_PythonDecoratedOperator): analyze_and_rank> on 2025-11-06 18:00:00+00:00
[2025-11-09T17:17:52.577+0000] {standard_task_runner.py:63} INFO - Started process 162 to run task
[2025-11-09T17:17:52.580+0000] {standard_task_runner.py:90} INFO - Running: ['***', 'tasks', 'run', 'niftron_daily_pipeline', 'analyze_and_rank', 'scheduled__2025-11-06T18:00:00+00:00', '--job-id', '5', '--raw', '--subdir', 'DAGS_FOLDER/niftron_pipeline_dagold.py', '--cfg-path', '/tmp/tmppf0q7i3g']
[2025-11-09T17:17:52.583+0000] {standard_task_runner.py:91} INFO - Job 5: Subtask analyze_and_rank
[2025-11-09T17:17:52.607+0000] {task_command.py:426} INFO - Running <TaskInstance: niftron_daily_pipeline.analyze_and_rank scheduled__2025-11-06T18:00:00+00:00 [running]> on host a7068366ba2f
[2025-11-09T17:17:52.666+0000] {taskinstance.py:2648} INFO - Exporting env vars: AIRFLOW_CTX_DAG_OWNER='***' AIRFLOW_CTX_DAG_ID='niftron_daily_pipeline' AIRFLOW_CTX_TASK_ID='analyze_and_rank' AIRFLOW_CTX_EXECUTION_DATE='2025-11-06T18:00:00+00:00' AIRFLOW_CTX_TRY_NUMBER='1' AIRFLOW_CTX_DAG_RUN_ID='scheduled__2025-11-06T18:00:00+00:00'
[2025-11-09T17:17:52.669+0000] {taskinstance.py:430} INFO - ::endgroup::
[2025-11-09T17:17:52.669+0000] {logging_mixin.py:188} INFO - Starting Niftron Analysis and Ranking...
[2025-11-09T17:17:52.669+0000] {logging_mixin.py:188} INFO - Fetching all features from the database...
[2025-11-09T17:17:54.387+0000] {warnings.py:110} WARNING - /opt/***/niftron/analysis/main.py:47: UserWarning: pandas only supports SQLAlchemy connectable (engine/connection) or database string URI or sqlite3 DBAPI2 connection. Other DBAPI2 objects are not tested. Please consider using SQLAlchemy.
  df = pd.read_sql(query, conn)

[2025-11-09T17:19:07.878+0000] {logging_mixin.py:188} INFO - Successfully fetched 52539 total feature records.
[2025-11-09T17:19:07.879+0000] {logging_mixin.py:188} INFO - 
Running analysis strategies for each stock...
[2025-11-09T17:19:08.059+0000] {logging_mixin.py:188} INFO - 
Storing top 5 recommendations for SHE and LEM models...
[2025-11-09T17:19:09.655+0000] {logging_mixin.py:188} INFO - Successfully stored recommendations.
[2025-11-09T17:19:09.664+0000] {logging_mixin.py:188} INFO - Niftron Analysis and Ranking Finished.
[2025-11-09T17:19:09.664+0000] {python.py:237} INFO - Done. Returned value was: None
[2025-11-09T17:19:09.667+0000] {taskinstance.py:441} INFO - ::group::Post task execution logs
[2025-11-09T17:19:09.687+0000] {taskinstance.py:1206} INFO - Marking task as SUCCESS. dag_id=niftron_daily_pipeline, task_id=analyze_and_rank, run_id=scheduled__2025-11-06T18:00:00+00:00, execution_date=20251106T180000, start_date=20251109T171752, end_date=20251109T171909
[2025-11-09T17:19:09.728+0000] {local_task_job_runner.py:240} INFO - Task exited with return code 0
[2025-11-09T17:19:09.748+0000] {taskinstance.py:3503} INFO - 0 downstream tasks scheduled from follow-on schedule check
[2025-11-09T17:19:09.749+0000] {local_task_job_runner.py:222} INFO - ::endgroup::
